[2022-10-11T00:00:29.168+0000] {taskinstance.py:1165} INFO - Dependencies all met for <TaskInstance: assignment.task_one scheduled__2022-10-10T00:00:00+00:00 [queued]>
[2022-10-11T00:00:29.196+0000] {taskinstance.py:1165} INFO - Dependencies all met for <TaskInstance: assignment.task_one scheduled__2022-10-10T00:00:00+00:00 [queued]>
[2022-10-11T00:00:29.201+0000] {taskinstance.py:1362} INFO - 
--------------------------------------------------------------------------------
[2022-10-11T00:00:29.207+0000] {taskinstance.py:1363} INFO - Starting attempt 1 of 1
[2022-10-11T00:00:29.211+0000] {taskinstance.py:1364} INFO - 
--------------------------------------------------------------------------------
[2022-10-11T00:00:29.264+0000] {taskinstance.py:1383} INFO - Executing <Task(PythonOperator): task_one> on 2022-10-10 00:00:00+00:00
[2022-10-11T00:00:29.324+0000] {standard_task_runner.py:54} INFO - Started process 756 to run task
[2022-10-11T00:00:29.336+0000] {standard_task_runner.py:82} INFO - Running: ['***', 'tasks', 'run', 'assignment', 'task_one', 'scheduled__2022-10-10T00:00:00+00:00', '--job-id', '15', '--raw', '--subdir', 'DAGS_FOLDER/assignment.py', '--cfg-path', '/tmp/tmpox7s9dnl']
[2022-10-11T00:00:29.361+0000] {standard_task_runner.py:83} INFO - Job 15: Subtask task_one
[2022-10-11T00:00:29.432+0000] {dagbag.py:525} INFO - Filling up the DagBag from /opt/***/dags/assignment.py
[2022-10-11T00:00:30.743+0000] {task_command.py:384} INFO - Running <TaskInstance: assignment.task_one scheduled__2022-10-10T00:00:00+00:00 [running]> on host f7cb6ffd90da
[2022-10-11T00:00:30.845+0000] {taskinstance.py:1592} INFO - Exporting the following env vars:
AIRFLOW_CTX_DAG_OWNER=***
AIRFLOW_CTX_DAG_ID=assignment
AIRFLOW_CTX_TASK_ID=task_one
AIRFLOW_CTX_EXECUTION_DATE=2022-10-10T00:00:00+00:00
AIRFLOW_CTX_TRY_NUMBER=1
AIRFLOW_CTX_DAG_RUN_ID=scheduled__2022-10-10T00:00:00+00:00
[2022-10-11T00:00:31.287+0000] {logging_mixin.py:117} INFO - wrote file: m1a.html
[2022-10-11T00:00:31.305+0000] {logging_mixin.py:117} INFO - pulled: m1a.html
[2022-10-11T00:00:31.308+0000] {logging_mixin.py:117} INFO - --- waiting ---
[2022-10-11T00:00:46.740+0000] {logging_mixin.py:117} INFO - wrote file: m1b.html
[2022-10-11T00:00:46.758+0000] {logging_mixin.py:117} INFO - pulled: m1b.html
[2022-10-11T00:00:46.763+0000] {logging_mixin.py:117} INFO - --- waiting ---
[2022-10-11T00:01:02.264+0000] {logging_mixin.py:117} INFO - wrote file: m1c.html
[2022-10-11T00:01:02.269+0000] {logging_mixin.py:117} INFO - pulled: m1c.html
[2022-10-11T00:01:02.271+0000] {logging_mixin.py:117} INFO - --- waiting ---
[2022-10-11T00:01:17.716+0000] {logging_mixin.py:117} INFO - wrote file: m2a.html
[2022-10-11T00:01:17.722+0000] {logging_mixin.py:117} INFO - pulled: m2a.html
[2022-10-11T00:01:17.724+0000] {logging_mixin.py:117} INFO - --- waiting ---
[2022-10-11T00:01:33.243+0000] {logging_mixin.py:117} INFO - wrote file: m2b.html
[2022-10-11T00:01:33.254+0000] {logging_mixin.py:117} INFO - pulled: m2b.html
[2022-10-11T00:01:33.256+0000] {logging_mixin.py:117} INFO - --- waiting ---
[2022-10-11T00:01:48.691+0000] {logging_mixin.py:117} INFO - wrote file: m2c.html
[2022-10-11T00:01:48.697+0000] {logging_mixin.py:117} INFO - pulled: m2c.html
[2022-10-11T00:01:48.698+0000] {logging_mixin.py:117} INFO - --- waiting ---
[2022-10-11T00:02:04.153+0000] {logging_mixin.py:117} INFO - wrote file: m3a.html
[2022-10-11T00:02:04.165+0000] {logging_mixin.py:117} INFO - pulled: m3a.html
[2022-10-11T00:02:04.168+0000] {logging_mixin.py:117} INFO - --- waiting ---
[2022-10-11T00:02:19.656+0000] {logging_mixin.py:117} INFO - wrote file: m3b.html
[2022-10-11T00:02:19.675+0000] {logging_mixin.py:117} INFO - pulled: m3b.html
[2022-10-11T00:02:19.679+0000] {logging_mixin.py:117} INFO - --- waiting ---
[2022-10-11T00:02:35.855+0000] {logging_mixin.py:117} INFO - wrote file: m4a.html
[2022-10-11T00:02:36.025+0000] {logging_mixin.py:117} INFO - pulled: m4a.html
[2022-10-11T00:02:36.045+0000] {logging_mixin.py:117} INFO - --- waiting ---
[2022-10-11T00:02:51.480+0000] {logging_mixin.py:117} INFO - wrote file: m4b.html
[2022-10-11T00:02:51.502+0000] {logging_mixin.py:117} INFO - pulled: m4b.html
[2022-10-11T00:02:51.507+0000] {logging_mixin.py:117} INFO - --- waiting ---
[2022-10-11T00:03:06.871+0000] {logging_mixin.py:117} INFO - wrote file: m4c.html
[2022-10-11T00:03:06.874+0000] {logging_mixin.py:117} INFO - pulled: m4c.html
[2022-10-11T00:03:06.875+0000] {logging_mixin.py:117} INFO - --- waiting ---
[2022-10-11T00:03:22.208+0000] {logging_mixin.py:117} INFO - wrote file: m4d.html
[2022-10-11T00:03:22.212+0000] {logging_mixin.py:117} INFO - pulled: m4d.html
[2022-10-11T00:03:22.213+0000] {logging_mixin.py:117} INFO - --- waiting ---
[2022-10-11T00:03:37.566+0000] {logging_mixin.py:117} INFO - wrote file: m4e.html
[2022-10-11T00:03:37.574+0000] {logging_mixin.py:117} INFO - pulled: m4e.html
[2022-10-11T00:03:37.576+0000] {logging_mixin.py:117} INFO - --- waiting ---
[2022-10-11T00:03:52.962+0000] {logging_mixin.py:117} INFO - wrote file: m4f.html
[2022-10-11T00:03:52.975+0000] {logging_mixin.py:117} INFO - pulled: m4f.html
[2022-10-11T00:03:52.983+0000] {logging_mixin.py:117} INFO - --- waiting ---
[2022-10-11T00:04:08.269+0000] {logging_mixin.py:117} INFO - wrote file: m4g.html
[2022-10-11T00:04:08.279+0000] {logging_mixin.py:117} INFO - pulled: m4g.html
[2022-10-11T00:04:08.282+0000] {logging_mixin.py:117} INFO - --- waiting ---
[2022-10-11T00:04:23.690+0000] {logging_mixin.py:117} INFO - wrote file: m5a.html
[2022-10-11T00:04:23.695+0000] {logging_mixin.py:117} INFO - pulled: m5a.html
[2022-10-11T00:04:23.697+0000] {logging_mixin.py:117} INFO - --- waiting ---
[2022-10-11T00:04:39.824+0000] {logging_mixin.py:117} INFO - wrote file: m5b.html
[2022-10-11T00:04:39.829+0000] {logging_mixin.py:117} INFO - pulled: m5b.html
[2022-10-11T00:04:39.832+0000] {logging_mixin.py:117} INFO - --- waiting ---
[2022-10-11T00:04:55.273+0000] {logging_mixin.py:117} INFO - wrote file: m6a.html
[2022-10-11T00:04:55.278+0000] {logging_mixin.py:117} INFO - pulled: m6a.html
[2022-10-11T00:04:55.280+0000] {logging_mixin.py:117} INFO - --- waiting ---
[2022-10-11T00:05:10.727+0000] {logging_mixin.py:117} INFO - wrote file: m6b.html
[2022-10-11T00:05:10.733+0000] {logging_mixin.py:117} INFO - pulled: m6b.html
[2022-10-11T00:05:10.734+0000] {logging_mixin.py:117} INFO - --- waiting ---
[2022-10-11T00:05:26.195+0000] {logging_mixin.py:117} INFO - wrote file: m6c.html
[2022-10-11T00:05:26.203+0000] {logging_mixin.py:117} INFO - pulled: m6c.html
[2022-10-11T00:05:26.209+0000] {logging_mixin.py:117} INFO - --- waiting ---
[2022-10-11T00:05:41.733+0000] {logging_mixin.py:117} INFO - wrote file: m7a.html
[2022-10-11T00:05:41.747+0000] {logging_mixin.py:117} INFO - pulled: m7a.html
[2022-10-11T00:05:41.752+0000] {logging_mixin.py:117} INFO - --- waiting ---
[2022-10-11T00:05:57.200+0000] {logging_mixin.py:117} INFO - wrote file: m8a.html
[2022-10-11T00:05:57.210+0000] {logging_mixin.py:117} INFO - pulled: m8a.html
[2022-10-11T00:05:57.212+0000] {logging_mixin.py:117} INFO - --- waiting ---
[2022-10-11T00:06:12.602+0000] {logging_mixin.py:117} INFO - wrote file: m8b.html
[2022-10-11T00:06:12.608+0000] {logging_mixin.py:117} INFO - pulled: m8b.html
[2022-10-11T00:06:12.610+0000] {logging_mixin.py:117} INFO - --- waiting ---
[2022-10-11T00:06:27.970+0000] {logging_mixin.py:117} INFO - wrote file: m9a.html
[2022-10-11T00:06:27.974+0000] {logging_mixin.py:117} INFO - pulled: m9a.html
[2022-10-11T00:06:27.975+0000] {logging_mixin.py:117} INFO - --- waiting ---
[2022-10-11T00:06:43.330+0000] {logging_mixin.py:117} INFO - wrote file: m9b.html
[2022-10-11T00:06:43.343+0000] {logging_mixin.py:117} INFO - pulled: m9b.html
[2022-10-11T00:06:43.346+0000] {logging_mixin.py:117} INFO - --- waiting ---
[2022-10-11T00:06:58.911+0000] {logging_mixin.py:117} INFO - wrote file: m10a.html
[2022-10-11T00:06:58.927+0000] {logging_mixin.py:117} INFO - pulled: m10a.html
[2022-10-11T00:06:58.930+0000] {logging_mixin.py:117} INFO - --- waiting ---
[2022-10-11T00:07:14.448+0000] {logging_mixin.py:117} INFO - wrote file: m10b.html
[2022-10-11T00:07:14.465+0000] {logging_mixin.py:117} INFO - pulled: m10b.html
[2022-10-11T00:07:14.472+0000] {logging_mixin.py:117} INFO - --- waiting ---
[2022-10-11T00:07:29.938+0000] {logging_mixin.py:117} INFO - wrote file: m11a.html
[2022-10-11T00:07:29.947+0000] {logging_mixin.py:117} INFO - pulled: m11a.html
[2022-10-11T00:07:29.949+0000] {logging_mixin.py:117} INFO - --- waiting ---
[2022-10-11T00:07:45.386+0000] {logging_mixin.py:117} INFO - wrote file: m11b.html
[2022-10-11T00:07:45.402+0000] {logging_mixin.py:117} INFO - pulled: m11b.html
[2022-10-11T00:07:45.409+0000] {logging_mixin.py:117} INFO - --- waiting ---
[2022-10-11T00:08:00.948+0000] {logging_mixin.py:117} INFO - wrote file: m11c.html
[2022-10-11T00:08:00.956+0000] {logging_mixin.py:117} INFO - pulled: m11c.html
[2022-10-11T00:08:00.958+0000] {logging_mixin.py:117} INFO - --- waiting ---
[2022-10-11T00:08:16.433+0000] {logging_mixin.py:117} INFO - wrote file: m12a.html
[2022-10-11T00:08:16.486+0000] {logging_mixin.py:117} INFO - pulled: m12a.html
[2022-10-11T00:08:16.503+0000] {logging_mixin.py:117} INFO - --- waiting ---
[2022-10-11T00:08:31.928+0000] {logging_mixin.py:117} INFO - wrote file: m12b.html
[2022-10-11T00:08:31.933+0000] {logging_mixin.py:117} INFO - pulled: m12b.html
[2022-10-11T00:08:31.935+0000] {logging_mixin.py:117} INFO - --- waiting ---
[2022-10-11T00:08:47.367+0000] {logging_mixin.py:117} INFO - wrote file: m12c.html
[2022-10-11T00:08:47.378+0000] {logging_mixin.py:117} INFO - pulled: m12c.html
[2022-10-11T00:08:47.382+0000] {logging_mixin.py:117} INFO - --- waiting ---
[2022-10-11T00:09:02.823+0000] {logging_mixin.py:117} INFO - wrote file: m14a.html
[2022-10-11T00:09:02.831+0000] {logging_mixin.py:117} INFO - pulled: m14a.html
[2022-10-11T00:09:02.834+0000] {logging_mixin.py:117} INFO - --- waiting ---
[2022-10-11T00:09:18.199+0000] {logging_mixin.py:117} INFO - wrote file: m14b.html
[2022-10-11T00:09:18.210+0000] {logging_mixin.py:117} INFO - pulled: m14b.html
[2022-10-11T00:09:18.211+0000] {logging_mixin.py:117} INFO - --- waiting ---
[2022-10-11T00:09:33.843+0000] {logging_mixin.py:117} INFO - wrote file: m15a.html
[2022-10-11T00:09:33.868+0000] {logging_mixin.py:117} INFO - pulled: m15a.html
[2022-10-11T00:09:33.876+0000] {logging_mixin.py:117} INFO - --- waiting ---
[2022-10-11T00:09:49.533+0000] {logging_mixin.py:117} INFO - wrote file: m15b.html
[2022-10-11T00:09:49.544+0000] {logging_mixin.py:117} INFO - pulled: m15b.html
[2022-10-11T00:09:49.546+0000] {logging_mixin.py:117} INFO - --- waiting ---
[2022-10-11T00:10:05.080+0000] {logging_mixin.py:117} INFO - wrote file: m15c.html
[2022-10-11T00:10:05.088+0000] {logging_mixin.py:117} INFO - pulled: m15c.html
[2022-10-11T00:10:05.089+0000] {logging_mixin.py:117} INFO - --- waiting ---
[2022-10-11T00:10:20.501+0000] {logging_mixin.py:117} INFO - wrote file: m16a.html
[2022-10-11T00:10:20.510+0000] {logging_mixin.py:117} INFO - pulled: m16a.html
[2022-10-11T00:10:20.511+0000] {logging_mixin.py:117} INFO - --- waiting ---
[2022-10-11T00:10:35.979+0000] {logging_mixin.py:117} INFO - wrote file: m16b.html
[2022-10-11T00:10:35.983+0000] {logging_mixin.py:117} INFO - pulled: m16b.html
[2022-10-11T00:10:35.985+0000] {logging_mixin.py:117} INFO - --- waiting ---
[2022-10-11T00:10:52.759+0000] {logging_mixin.py:117} INFO - wrote file: m18a.html
[2022-10-11T00:10:52.771+0000] {logging_mixin.py:117} INFO - pulled: m18a.html
[2022-10-11T00:10:52.774+0000] {logging_mixin.py:117} INFO - --- waiting ---
[2022-10-11T00:11:08.221+0000] {logging_mixin.py:117} INFO - wrote file: m18b.html
[2022-10-11T00:11:08.233+0000] {logging_mixin.py:117} INFO - pulled: m18b.html
[2022-10-11T00:11:08.251+0000] {logging_mixin.py:117} INFO - --- waiting ---
[2022-10-11T00:11:23.855+0000] {logging_mixin.py:117} INFO - wrote file: m20a.html
[2022-10-11T00:11:23.863+0000] {logging_mixin.py:117} INFO - pulled: m20a.html
[2022-10-11T00:11:23.867+0000] {logging_mixin.py:117} INFO - --- waiting ---
[2022-10-11T00:11:39.235+0000] {logging_mixin.py:117} INFO - wrote file: m22a.html
[2022-10-11T00:11:39.241+0000] {logging_mixin.py:117} INFO - pulled: m22a.html
[2022-10-11T00:11:39.248+0000] {logging_mixin.py:117} INFO - --- waiting ---
