[2022-10-11T00:00:46.504+0000] {taskinstance.py:1165} INFO - Dependencies all met for <TaskInstance: assignment.task_four manual__2022-10-10T23:47:29.175216+00:00 [queued]>
[2022-10-11T00:00:46.545+0000] {taskinstance.py:1165} INFO - Dependencies all met for <TaskInstance: assignment.task_four manual__2022-10-10T23:47:29.175216+00:00 [queued]>
[2022-10-11T00:00:46.550+0000] {taskinstance.py:1362} INFO - 
--------------------------------------------------------------------------------
[2022-10-11T00:00:46.554+0000] {taskinstance.py:1363} INFO - Starting attempt 1 of 1
[2022-10-11T00:00:46.559+0000] {taskinstance.py:1364} INFO - 
--------------------------------------------------------------------------------
[2022-10-11T00:00:46.609+0000] {taskinstance.py:1383} INFO - Executing <Task(PythonOperator): task_four> on 2022-10-10 23:47:29.175216+00:00
[2022-10-11T00:00:46.641+0000] {standard_task_runner.py:54} INFO - Started process 769 to run task
[2022-10-11T00:00:46.661+0000] {standard_task_runner.py:82} INFO - Running: ['***', 'tasks', 'run', 'assignment', 'task_four', 'manual__2022-10-10T23:47:29.175216+00:00', '--job-id', '17', '--raw', '--subdir', 'DAGS_FOLDER/assignment.py', '--cfg-path', '/tmp/tmp5ftu0tz8']
[2022-10-11T00:00:46.666+0000] {standard_task_runner.py:83} INFO - Job 17: Subtask task_four
[2022-10-11T00:00:46.671+0000] {dagbag.py:525} INFO - Filling up the DagBag from /opt/***/dags/assignment.py
[2022-10-11T00:00:46.912+0000] {task_command.py:384} INFO - Running <TaskInstance: assignment.task_four manual__2022-10-10T23:47:29.175216+00:00 [running]> on host f7cb6ffd90da
[2022-10-11T00:00:47.002+0000] {taskinstance.py:1592} INFO - Exporting the following env vars:
AIRFLOW_CTX_DAG_OWNER=***
AIRFLOW_CTX_DAG_ID=assignment
AIRFLOW_CTX_TASK_ID=task_four
AIRFLOW_CTX_EXECUTION_DATE=2022-10-10T23:47:29.175216+00:00
AIRFLOW_CTX_TRY_NUMBER=1
AIRFLOW_CTX_DAG_RUN_ID=manual__2022-10-10T23:47:29.175216+00:00
[2022-10-11T00:00:47.021+0000] {logging_mixin.py:117} INFO - wrote file: titles_clean.json
[2022-10-11T00:00:47.024+0000] {python.py:177} INFO - Done. Returned value was: None
[2022-10-11T00:00:47.038+0000] {taskinstance.py:1406} INFO - Marking task as SUCCESS. dag_id=assignment, task_id=task_four, execution_date=20221010T234729, start_date=20221011T000046, end_date=20221011T000047
[2022-10-11T00:00:47.078+0000] {local_task_job.py:164} INFO - Task exited with return code 0
[2022-10-11T00:00:47.119+0000] {local_task_job.py:273} INFO - 1 downstream tasks scheduled from follow-on schedule check
