[2022-10-10T23:59:44.885+0000] {taskinstance.py:1165} INFO - Dependencies all met for <TaskInstance: assignment.task_three scheduled__2022-10-09T00:00:00+00:00 [queued]>
[2022-10-10T23:59:44.914+0000] {taskinstance.py:1165} INFO - Dependencies all met for <TaskInstance: assignment.task_three scheduled__2022-10-09T00:00:00+00:00 [queued]>
[2022-10-10T23:59:44.917+0000] {taskinstance.py:1362} INFO - 
--------------------------------------------------------------------------------
[2022-10-10T23:59:44.921+0000] {taskinstance.py:1363} INFO - Starting attempt 1 of 1
[2022-10-10T23:59:44.922+0000] {taskinstance.py:1364} INFO - 
--------------------------------------------------------------------------------
[2022-10-10T23:59:44.942+0000] {taskinstance.py:1383} INFO - Executing <Task(PythonOperator): task_three> on 2022-10-09 00:00:00+00:00
[2022-10-10T23:59:44.971+0000] {standard_task_runner.py:54} INFO - Started process 719 to run task
[2022-10-10T23:59:44.983+0000] {standard_task_runner.py:82} INFO - Running: ['***', 'tasks', 'run', 'assignment', 'task_three', 'scheduled__2022-10-09T00:00:00+00:00', '--job-id', '12', '--raw', '--subdir', 'DAGS_FOLDER/assignment.py', '--cfg-path', '/tmp/tmp0k3fnj2z']
[2022-10-10T23:59:44.988+0000] {standard_task_runner.py:83} INFO - Job 12: Subtask task_three
[2022-10-10T23:59:44.991+0000] {dagbag.py:525} INFO - Filling up the DagBag from /opt/***/dags/assignment.py
[2022-10-10T23:59:45.136+0000] {task_command.py:384} INFO - Running <TaskInstance: assignment.task_three scheduled__2022-10-09T00:00:00+00:00 [running]> on host f7cb6ffd90da
[2022-10-10T23:59:45.244+0000] {taskinstance.py:1592} INFO - Exporting the following env vars:
AIRFLOW_CTX_DAG_OWNER=***
AIRFLOW_CTX_DAG_ID=assignment
AIRFLOW_CTX_TASK_ID=task_three
AIRFLOW_CTX_EXECUTION_DATE=2022-10-09T00:00:00+00:00
AIRFLOW_CTX_TRY_NUMBER=1
AIRFLOW_CTX_DAG_RUN_ID=scheduled__2022-10-09T00:00:00+00:00
[2022-10-11T00:00:44.622+0000] {logging_mixin.py:117} INFO - wrote file: titles.json
[2022-10-11T00:00:44.641+0000] {python.py:177} INFO - Done. Returned value was: None
[2022-10-11T00:00:44.696+0000] {taskinstance.py:1406} INFO - Marking task as SUCCESS. dag_id=assignment, task_id=task_three, execution_date=20221009T000000, start_date=20221010T235944, end_date=20221011T000044
[2022-10-11T00:00:45.054+0000] {local_task_job.py:164} INFO - Task exited with return code 0
[2022-10-11T00:00:45.161+0000] {local_task_job.py:273} INFO - 0 downstream tasks scheduled from follow-on schedule check
