[2022-10-11T00:00:48.581+0000] {taskinstance.py:1165} INFO - Dependencies all met for <TaskInstance: assignment.task_five manual__2022-10-10T23:47:29.175216+00:00 [queued]>
[2022-10-11T00:00:48.593+0000] {taskinstance.py:1165} INFO - Dependencies all met for <TaskInstance: assignment.task_five manual__2022-10-10T23:47:29.175216+00:00 [queued]>
[2022-10-11T00:00:48.594+0000] {taskinstance.py:1362} INFO - 
--------------------------------------------------------------------------------
[2022-10-11T00:00:48.596+0000] {taskinstance.py:1363} INFO - Starting attempt 1 of 1
[2022-10-11T00:00:48.597+0000] {taskinstance.py:1364} INFO - 
--------------------------------------------------------------------------------
[2022-10-11T00:00:48.609+0000] {taskinstance.py:1383} INFO - Executing <Task(PythonOperator): task_five> on 2022-10-10 23:47:29.175216+00:00
[2022-10-11T00:00:48.643+0000] {standard_task_runner.py:54} INFO - Started process 773 to run task
[2022-10-11T00:00:48.652+0000] {standard_task_runner.py:82} INFO - Running: ['***', 'tasks', 'run', 'assignment', 'task_five', 'manual__2022-10-10T23:47:29.175216+00:00', '--job-id', '19', '--raw', '--subdir', 'DAGS_FOLDER/assignment.py', '--cfg-path', '/tmp/tmpchs2twcm']
[2022-10-11T00:00:48.654+0000] {standard_task_runner.py:83} INFO - Job 19: Subtask task_five
[2022-10-11T00:00:48.657+0000] {dagbag.py:525} INFO - Filling up the DagBag from /opt/***/dags/assignment.py
[2022-10-11T00:00:48.759+0000] {task_command.py:384} INFO - Running <TaskInstance: assignment.task_five manual__2022-10-10T23:47:29.175216+00:00 [running]> on host f7cb6ffd90da
[2022-10-11T00:00:48.891+0000] {taskinstance.py:1592} INFO - Exporting the following env vars:
AIRFLOW_CTX_DAG_OWNER=***
AIRFLOW_CTX_DAG_ID=assignment
AIRFLOW_CTX_TASK_ID=task_five
AIRFLOW_CTX_EXECUTION_DATE=2022-10-10T23:47:29.175216+00:00
AIRFLOW_CTX_TRY_NUMBER=1
AIRFLOW_CTX_DAG_RUN_ID=manual__2022-10-10T23:47:29.175216+00:00
[2022-10-11T00:00:48.912+0000] {logging_mixin.py:117} INFO - wrote file: words.json
[2022-10-11T00:00:48.917+0000] {python.py:177} INFO - Done. Returned value was: None
[2022-10-11T00:00:48.934+0000] {taskinstance.py:1406} INFO - Marking task as SUCCESS. dag_id=assignment, task_id=task_five, execution_date=20221010T234729, start_date=20221011T000048, end_date=20221011T000048
[2022-10-11T00:00:48.991+0000] {local_task_job.py:164} INFO - Task exited with return code 0
[2022-10-11T00:00:49.021+0000] {local_task_job.py:273} INFO - 0 downstream tasks scheduled from follow-on schedule check
