[2022-10-10T23:45:44.081+0000] {manager.py:483} INFO - Processing files using up to 2 processes at a time 
[2022-10-10T23:45:44.108+0000] {manager.py:484} INFO - Process each file at most once every 30 seconds
[2022-10-10T23:45:44.122+0000] {manager.py:486} INFO - Checking for new files in /opt/airflow/dags every 300 seconds
[2022-10-10T23:45:44.131+0000] {manager.py:724} INFO - Searching for files in /opt/airflow/dags
[2022-10-10T23:45:44.173+0000] {manager.py:727} INFO - There are 1 files in /opt/airflow/dags
[2022-10-10T23:45:44.584+0000] {manager.py:846} INFO - 
================================================================================
DAG File Processing Stats

File Path                          PID  Runtime      # DAGs    # Errors  Last Runtime    Last Run
-------------------------------  -----  ---------  --------  ----------  --------------  ----------
/opt/airflow/dags/assignment.py     37  0.08s             0           0
================================================================================
[2022-10-10T23:46:15.132+0000] {manager.py:846} INFO - 
================================================================================
DAG File Processing Stats

File Path                        PID    Runtime      # DAGs    # Errors  Last Runtime    Last Run
-------------------------------  -----  ---------  --------  ----------  --------------  -------------------
/opt/airflow/dags/assignment.py                           1           0  0.85s           2022-10-10T23:45:45
================================================================================
[2022-10-10T23:46:45.693+0000] {manager.py:846} INFO - 
================================================================================
DAG File Processing Stats

File Path                        PID    Runtime      # DAGs    # Errors  Last Runtime    Last Run
-------------------------------  -----  ---------  --------  ----------  --------------  -------------------
/opt/airflow/dags/assignment.py                           1           0  0.42s           2022-10-10T23:46:16
================================================================================
[2022-10-10T23:47:16.185+0000] {manager.py:846} INFO - 
================================================================================
DAG File Processing Stats

File Path                        PID    Runtime      # DAGs    # Errors  Last Runtime    Last Run
-------------------------------  -----  ---------  --------  ----------  --------------  -------------------
/opt/airflow/dags/assignment.py                           1           0  0.20s           2022-10-10T23:46:46
================================================================================
[2022-10-10T23:47:47.009+0000] {manager.py:846} INFO - 
================================================================================
DAG File Processing Stats

File Path                        PID    Runtime      # DAGs    # Errors  Last Runtime    Last Run
-------------------------------  -----  ---------  --------  ----------  --------------  -------------------
/opt/airflow/dags/assignment.py                           1           0  0.26s           2022-10-10T23:47:17
================================================================================
[2022-10-10T23:48:17.737+0000] {manager.py:846} INFO - 
================================================================================
DAG File Processing Stats

File Path                        PID    Runtime      # DAGs    # Errors  Last Runtime    Last Run
-------------------------------  -----  ---------  --------  ----------  --------------  -------------------
/opt/airflow/dags/assignment.py                           1           0  0.40s           2022-10-10T23:47:48
================================================================================
[2022-10-10T23:48:48.130+0000] {manager.py:846} INFO - 
================================================================================
DAG File Processing Stats

File Path                        PID    Runtime      # DAGs    # Errors  Last Runtime    Last Run
-------------------------------  -----  ---------  --------  ----------  --------------  -------------------
/opt/airflow/dags/assignment.py                           1           0  0.19s           2022-10-10T23:48:18
================================================================================
[2022-10-10T23:49:18.688+0000] {manager.py:846} INFO - 
================================================================================
DAG File Processing Stats

File Path                        PID    Runtime      # DAGs    # Errors  Last Runtime    Last Run
-------------------------------  -----  ---------  --------  ----------  --------------  -------------------
/opt/airflow/dags/assignment.py                           1           0  0.29s           2022-10-10T23:48:49
================================================================================
[2022-10-10T23:49:49.539+0000] {manager.py:846} INFO - 
================================================================================
DAG File Processing Stats

File Path                        PID    Runtime      # DAGs    # Errors  Last Runtime    Last Run
-------------------------------  -----  ---------  --------  ----------  --------------  -------------------
/opt/airflow/dags/assignment.py                           1           0  0.43s           2022-10-10T23:49:20
================================================================================
[2022-10-10T23:50:20.110+0000] {manager.py:846} INFO - 
================================================================================
DAG File Processing Stats

File Path                        PID    Runtime      # DAGs    # Errors  Last Runtime    Last Run
-------------------------------  -----  ---------  --------  ----------  --------------  -------------------
/opt/airflow/dags/assignment.py                           1           0  0.26s           2022-10-10T23:49:50
================================================================================
[2022-10-10T23:50:44.565+0000] {manager.py:724} INFO - Searching for files in /opt/airflow/dags
[2022-10-10T23:50:44.609+0000] {manager.py:727} INFO - There are 1 files in /opt/airflow/dags
[2022-10-10T23:50:50.691+0000] {manager.py:846} INFO - 
================================================================================
DAG File Processing Stats

File Path                        PID    Runtime      # DAGs    # Errors  Last Runtime    Last Run
-------------------------------  -----  ---------  --------  ----------  --------------  -------------------
/opt/airflow/dags/assignment.py                           1           0  0.19s           2022-10-10T23:50:21
================================================================================
[2022-10-10T23:51:20.793+0000] {manager.py:846} INFO - 
================================================================================
DAG File Processing Stats

File Path                        PID    Runtime      # DAGs    # Errors  Last Runtime    Last Run
-------------------------------  -----  ---------  --------  ----------  --------------  -------------------
/opt/airflow/dags/assignment.py                           1           0  0.20s           2022-10-10T23:50:51
================================================================================
[2022-10-10T23:51:51.398+0000] {manager.py:846} INFO - 
================================================================================
DAG File Processing Stats

File Path                        PID    Runtime      # DAGs    # Errors  Last Runtime    Last Run
-------------------------------  -----  ---------  --------  ----------  --------------  -------------------
/opt/airflow/dags/assignment.py                           1           0  0.34s           2022-10-10T23:51:23
================================================================================
[2022-10-10T23:52:22.108+0000] {manager.py:846} INFO - 
================================================================================
DAG File Processing Stats

File Path                        PID    Runtime      # DAGs    # Errors  Last Runtime    Last Run
-------------------------------  -----  ---------  --------  ----------  --------------  -------------------
/opt/airflow/dags/assignment.py                           1           0  0.30s           2022-10-10T23:51:53
================================================================================
[2022-10-10T23:52:52.462+0000] {manager.py:846} INFO - 
================================================================================
DAG File Processing Stats

File Path                        PID    Runtime      # DAGs    # Errors  Last Runtime    Last Run
-------------------------------  -----  ---------  --------  ----------  --------------  -------------------
/opt/airflow/dags/assignment.py                           1           0  0.19s           2022-10-10T23:52:24
================================================================================
[2022-10-10T23:53:23.087+0000] {manager.py:846} INFO - 
================================================================================
DAG File Processing Stats

File Path                        PID    Runtime      # DAGs    # Errors  Last Runtime    Last Run
-------------------------------  -----  ---------  --------  ----------  --------------  -------------------
/opt/airflow/dags/assignment.py                           1           0  7.13s           2022-10-10T23:53:02
================================================================================
[2022-10-10T23:53:53.573+0000] {manager.py:846} INFO - 
================================================================================
DAG File Processing Stats

File Path                        PID    Runtime      # DAGs    # Errors  Last Runtime    Last Run
-------------------------------  -----  ---------  --------  ----------  --------------  -------------------
/opt/airflow/dags/assignment.py                           1           0  0.27s           2022-10-10T23:53:33
================================================================================
[2022-10-10T23:54:24.209+0000] {manager.py:846} INFO - 
================================================================================
DAG File Processing Stats

File Path                        PID    Runtime      # DAGs    # Errors  Last Runtime    Last Run
-------------------------------  -----  ---------  --------  ----------  --------------  -------------------
/opt/airflow/dags/assignment.py                           1           0  0.23s           2022-10-10T23:54:04
================================================================================
[2022-10-10T23:54:54.800+0000] {manager.py:846} INFO - 
================================================================================
DAG File Processing Stats

File Path                        PID    Runtime      # DAGs    # Errors  Last Runtime    Last Run
-------------------------------  -----  ---------  --------  ----------  --------------  -------------------
/opt/airflow/dags/assignment.py                           1           0  0.24s           2022-10-10T23:54:34
================================================================================
[2022-10-10T23:55:25.413+0000] {manager.py:846} INFO - 
================================================================================
DAG File Processing Stats

File Path                        PID    Runtime      # DAGs    # Errors  Last Runtime    Last Run
-------------------------------  -----  ---------  --------  ----------  --------------  -------------------
/opt/airflow/dags/assignment.py                           1           0  0.21s           2022-10-10T23:55:05
================================================================================
[2022-10-10T23:55:44.808+0000] {manager.py:724} INFO - Searching for files in /opt/airflow/dags
[2022-10-10T23:55:44.842+0000] {manager.py:727} INFO - There are 1 files in /opt/airflow/dags
[2022-10-10T23:55:56.005+0000] {manager.py:846} INFO - 
================================================================================
DAG File Processing Stats

File Path                        PID    Runtime      # DAGs    # Errors  Last Runtime    Last Run
-------------------------------  -----  ---------  --------  ----------  --------------  -------------------
/opt/airflow/dags/assignment.py                           1           0  0.43s           2022-10-10T23:55:36
================================================================================
[2022-10-10T23:56:26.692+0000] {manager.py:846} INFO - 
================================================================================
DAG File Processing Stats

File Path                        PID    Runtime      # DAGs    # Errors  Last Runtime    Last Run
-------------------------------  -----  ---------  --------  ----------  --------------  -------------------
/opt/airflow/dags/assignment.py                           1           0  0.21s           2022-10-10T23:56:06
================================================================================
[2022-10-10T23:56:57.537+0000] {manager.py:846} INFO - 
================================================================================
DAG File Processing Stats

File Path                        PID    Runtime      # DAGs    # Errors  Last Runtime    Last Run
-------------------------------  -----  ---------  --------  ----------  --------------  -------------------
/opt/airflow/dags/assignment.py                           1           0  0.31s           2022-10-10T23:56:37
================================================================================
[2022-10-10T23:57:28.432+0000] {manager.py:846} INFO - 
================================================================================
DAG File Processing Stats

File Path                        PID    Runtime      # DAGs    # Errors  Last Runtime    Last Run
-------------------------------  -----  ---------  --------  ----------  --------------  -------------------
/opt/airflow/dags/assignment.py                           1           0  0.53s           2022-10-10T23:57:08
================================================================================
[2022-10-10T23:57:58.493+0000] {manager.py:846} INFO - 
================================================================================
DAG File Processing Stats

File Path                        PID    Runtime      # DAGs    # Errors  Last Runtime    Last Run
-------------------------------  -----  ---------  --------  ----------  --------------  -------------------
/opt/airflow/dags/assignment.py                           1           0  0.31s           2022-10-10T23:57:38
================================================================================
[2022-10-10T23:58:28.721+0000] {manager.py:846} INFO - 
================================================================================
DAG File Processing Stats

File Path                        PID    Runtime      # DAGs    # Errors  Last Runtime    Last Run
-------------------------------  -----  ---------  --------  ----------  --------------  -------------------
/opt/airflow/dags/assignment.py                           1           0  0.22s           2022-10-10T23:58:10
================================================================================
[2022-10-10T23:58:59.584+0000] {manager.py:846} INFO - 
================================================================================
DAG File Processing Stats

File Path                        PID    Runtime      # DAGs    # Errors  Last Runtime    Last Run
-------------------------------  -----  ---------  --------  ----------  --------------  -------------------
/opt/airflow/dags/assignment.py                           1           0  0.27s           2022-10-10T23:58:41
================================================================================
[2022-10-10T23:59:30.556+0000] {manager.py:846} INFO - 
================================================================================
DAG File Processing Stats

File Path                        PID    Runtime      # DAGs    # Errors  Last Runtime    Last Run
-------------------------------  -----  ---------  --------  ----------  --------------  -------------------
/opt/airflow/dags/assignment.py                           1           0  1.23s           2022-10-10T23:59:13
================================================================================
[2022-10-11T00:00:01.066+0000] {manager.py:846} INFO - 
================================================================================
DAG File Processing Stats

File Path                        PID    Runtime      # DAGs    # Errors  Last Runtime    Last Run
-------------------------------  -----  ---------  --------  ----------  --------------  -------------------
/opt/airflow/dags/assignment.py                           1           0  1.46s           2022-10-10T23:59:44
================================================================================
[2022-10-11T00:00:31.377+0000] {manager.py:846} INFO - 
================================================================================
DAG File Processing Stats

File Path                        PID    Runtime      # DAGs    # Errors  Last Runtime    Last Run
-------------------------------  -----  ---------  --------  ----------  --------------  -------------------
/opt/airflow/dags/assignment.py                           1           0  1.39s           2022-10-11T00:00:16
================================================================================
[2022-10-11T00:00:44.928+0000] {manager.py:724} INFO - Searching for files in /opt/airflow/dags
[2022-10-11T00:00:45.008+0000] {manager.py:727} INFO - There are 1 files in /opt/airflow/dags
[2022-10-11T00:01:01.583+0000] {manager.py:846} INFO - 
================================================================================
DAG File Processing Stats

File Path                        PID    Runtime      # DAGs    # Errors  Last Runtime    Last Run
-------------------------------  -----  ---------  --------  ----------  --------------  -------------------
/opt/airflow/dags/assignment.py                           1           0  0.30s           2022-10-11T00:00:47
================================================================================
[2022-10-11T00:01:32.065+0000] {manager.py:846} INFO - 
================================================================================
DAG File Processing Stats

File Path                        PID    Runtime      # DAGs    # Errors  Last Runtime    Last Run
-------------------------------  -----  ---------  --------  ----------  --------------  -------------------
/opt/airflow/dags/assignment.py                           1           0  0.19s           2022-10-11T00:01:18
================================================================================
[2022-10-11T00:02:02.635+0000] {manager.py:846} INFO - 
================================================================================
DAG File Processing Stats

File Path                        PID    Runtime      # DAGs    # Errors  Last Runtime    Last Run
-------------------------------  -----  ---------  --------  ----------  --------------  -------------------
/opt/airflow/dags/assignment.py                           1           0  0.22s           2022-10-11T00:01:48
================================================================================
[2022-10-11T00:02:33.261+0000] {manager.py:846} INFO - 
================================================================================
DAG File Processing Stats

File Path                        PID    Runtime      # DAGs    # Errors  Last Runtime    Last Run
-------------------------------  -----  ---------  --------  ----------  --------------  -------------------
/opt/airflow/dags/assignment.py                           1           0  0.81s           2022-10-11T00:02:19
================================================================================
[2022-10-11T00:03:03.738+0000] {manager.py:846} INFO - 
================================================================================
DAG File Processing Stats

File Path                        PID    Runtime      # DAGs    # Errors  Last Runtime    Last Run
-------------------------------  -----  ---------  --------  ----------  --------------  -------------------
/opt/airflow/dags/assignment.py                           1           0  0.41s           2022-10-11T00:02:50
================================================================================
[2022-10-11T00:03:34.305+0000] {manager.py:846} INFO - 
================================================================================
DAG File Processing Stats

File Path                        PID    Runtime      # DAGs    # Errors  Last Runtime    Last Run
-------------------------------  -----  ---------  --------  ----------  --------------  -------------------
/opt/airflow/dags/assignment.py                           1           0  0.25s           2022-10-11T00:03:21
================================================================================
[2022-10-11T00:04:05.001+0000] {manager.py:846} INFO - 
================================================================================
DAG File Processing Stats

File Path                        PID    Runtime      # DAGs    # Errors  Last Runtime    Last Run
-------------------------------  -----  ---------  --------  ----------  --------------  -------------------
/opt/airflow/dags/assignment.py                           1           0  0.24s           2022-10-11T00:03:51
================================================================================
[2022-10-11T00:04:35.528+0000] {manager.py:846} INFO - 
================================================================================
DAG File Processing Stats

File Path                        PID    Runtime      # DAGs    # Errors  Last Runtime    Last Run
-------------------------------  -----  ---------  --------  ----------  --------------  -------------------
/opt/airflow/dags/assignment.py                           1           0  0.22s           2022-10-11T00:04:22
================================================================================
[2022-10-11T00:05:06.105+0000] {manager.py:846} INFO - 
================================================================================
DAG File Processing Stats

File Path                        PID    Runtime      # DAGs    # Errors  Last Runtime    Last Run
-------------------------------  -----  ---------  --------  ----------  --------------  -------------------
/opt/airflow/dags/assignment.py                           1           0  0.25s           2022-10-11T00:04:53
================================================================================
[2022-10-11T00:05:36.656+0000] {manager.py:846} INFO - 
================================================================================
DAG File Processing Stats

File Path                        PID    Runtime      # DAGs    # Errors  Last Runtime    Last Run
-------------------------------  -----  ---------  --------  ----------  --------------  -------------------
/opt/airflow/dags/assignment.py                           1           0  0.22s           2022-10-11T00:05:23
================================================================================
[2022-10-11T00:05:45.806+0000] {manager.py:724} INFO - Searching for files in /opt/airflow/dags
[2022-10-11T00:05:45.825+0000] {manager.py:727} INFO - There are 1 files in /opt/airflow/dags
[2022-10-11T00:06:07.139+0000] {manager.py:846} INFO - 
================================================================================
DAG File Processing Stats

File Path                        PID    Runtime      # DAGs    # Errors  Last Runtime    Last Run
-------------------------------  -----  ---------  --------  ----------  --------------  -------------------
/opt/airflow/dags/assignment.py                           1           0  0.24s           2022-10-11T00:05:54
================================================================================
[2022-10-11T00:06:37.709+0000] {manager.py:846} INFO - 
================================================================================
DAG File Processing Stats

File Path                        PID    Runtime      # DAGs    # Errors  Last Runtime    Last Run
-------------------------------  -----  ---------  --------  ----------  --------------  -------------------
/opt/airflow/dags/assignment.py                           1           0  0.29s           2022-10-11T00:06:24
================================================================================
[2022-10-11T00:07:08.270+0000] {manager.py:846} INFO - 
================================================================================
DAG File Processing Stats

File Path                        PID    Runtime      # DAGs    # Errors  Last Runtime    Last Run
-------------------------------  -----  ---------  --------  ----------  --------------  -------------------
/opt/airflow/dags/assignment.py                           1           0  0.23s           2022-10-11T00:06:55
================================================================================
[2022-10-11T00:07:38.936+0000] {manager.py:846} INFO - 
================================================================================
DAG File Processing Stats

File Path                        PID    Runtime      # DAGs    # Errors  Last Runtime    Last Run
-------------------------------  -----  ---------  --------  ----------  --------------  -------------------
/opt/airflow/dags/assignment.py                           1           0  0.37s           2022-10-11T00:07:26
================================================================================
[2022-10-11T00:08:09.585+0000] {manager.py:846} INFO - 
================================================================================
DAG File Processing Stats

File Path                        PID    Runtime      # DAGs    # Errors  Last Runtime    Last Run
-------------------------------  -----  ---------  --------  ----------  --------------  -------------------
/opt/airflow/dags/assignment.py                           1           0  0.21s           2022-10-11T00:07:56
================================================================================
[2022-10-11T00:08:39.994+0000] {manager.py:846} INFO - 
================================================================================
DAG File Processing Stats

File Path                        PID    Runtime      # DAGs    # Errors  Last Runtime    Last Run
-------------------------------  -----  ---------  --------  ----------  --------------  -------------------
/opt/airflow/dags/assignment.py                           1           0  0.18s           2022-10-11T00:08:27
================================================================================
[2022-10-11T00:09:10.460+0000] {manager.py:846} INFO - 
================================================================================
DAG File Processing Stats

File Path                        PID    Runtime      # DAGs    # Errors  Last Runtime    Last Run
-------------------------------  -----  ---------  --------  ----------  --------------  -------------------
/opt/airflow/dags/assignment.py                           1           0  0.22s           2022-10-11T00:08:57
================================================================================
[2022-10-11T00:09:41.093+0000] {manager.py:846} INFO - 
================================================================================
DAG File Processing Stats

File Path                        PID    Runtime      # DAGs    # Errors  Last Runtime    Last Run
-------------------------------  -----  ---------  --------  ----------  --------------  -------------------
/opt/airflow/dags/assignment.py                           1           0  0.32s           2022-10-11T00:09:28
================================================================================
[2022-10-11T00:10:11.505+0000] {manager.py:846} INFO - 
================================================================================
DAG File Processing Stats

File Path                        PID    Runtime      # DAGs    # Errors  Last Runtime    Last Run
-------------------------------  -----  ---------  --------  ----------  --------------  -------------------
/opt/airflow/dags/assignment.py                           1           0  0.18s           2022-10-11T00:09:58
================================================================================
[2022-10-11T00:10:41.900+0000] {manager.py:846} INFO - 
================================================================================
DAG File Processing Stats

File Path                        PID    Runtime      # DAGs    # Errors  Last Runtime    Last Run
-------------------------------  -----  ---------  --------  ----------  --------------  -------------------
/opt/airflow/dags/assignment.py                           1           0  0.18s           2022-10-11T00:10:28
================================================================================
[2022-10-11T00:10:45.954+0000] {manager.py:724} INFO - Searching for files in /opt/airflow/dags
[2022-10-11T00:10:45.970+0000] {manager.py:727} INFO - There are 1 files in /opt/airflow/dags
[2022-10-11T00:11:12.406+0000] {manager.py:846} INFO - 
================================================================================
DAG File Processing Stats

File Path                        PID    Runtime      # DAGs    # Errors  Last Runtime    Last Run
-------------------------------  -----  ---------  --------  ----------  --------------  -------------------
/opt/airflow/dags/assignment.py                           1           0  0.25s           2022-10-11T00:10:59
================================================================================
[2022-10-11T00:11:42.917+0000] {manager.py:846} INFO - 
================================================================================
DAG File Processing Stats

File Path                        PID    Runtime      # DAGs    # Errors  Last Runtime    Last Run
-------------------------------  -----  ---------  --------  ----------  --------------  -------------------
/opt/airflow/dags/assignment.py                           1           0  0.23s           2022-10-11T00:11:29
================================================================================
[2022-10-11T00:11:49.377+0000] {manager.py:465} INFO - Exiting gracefully upon receiving signal 15
