[2022-10-11T00:00:45.848+0000] {taskinstance.py:1165} INFO - Dependencies all met for <TaskInstance: assignment.task_four scheduled__2022-10-09T00:00:00+00:00 [queued]>
[2022-10-11T00:00:45.862+0000] {taskinstance.py:1165} INFO - Dependencies all met for <TaskInstance: assignment.task_four scheduled__2022-10-09T00:00:00+00:00 [queued]>
[2022-10-11T00:00:45.864+0000] {taskinstance.py:1362} INFO - 
--------------------------------------------------------------------------------
[2022-10-11T00:00:45.866+0000] {taskinstance.py:1363} INFO - Starting attempt 1 of 1
[2022-10-11T00:00:45.867+0000] {taskinstance.py:1364} INFO - 
--------------------------------------------------------------------------------
[2022-10-11T00:00:45.882+0000] {taskinstance.py:1383} INFO - Executing <Task(PythonOperator): task_four> on 2022-10-09 00:00:00+00:00
[2022-10-11T00:00:45.891+0000] {standard_task_runner.py:54} INFO - Started process 768 to run task
[2022-10-11T00:00:45.896+0000] {standard_task_runner.py:82} INFO - Running: ['***', 'tasks', 'run', 'assignment', 'task_four', 'scheduled__2022-10-09T00:00:00+00:00', '--job-id', '16', '--raw', '--subdir', 'DAGS_FOLDER/assignment.py', '--cfg-path', '/tmp/tmpa8v26c0t']
[2022-10-11T00:00:45.898+0000] {standard_task_runner.py:83} INFO - Job 16: Subtask task_four
[2022-10-11T00:00:45.900+0000] {dagbag.py:525} INFO - Filling up the DagBag from /opt/***/dags/assignment.py
[2022-10-11T00:00:46.015+0000] {task_command.py:384} INFO - Running <TaskInstance: assignment.task_four scheduled__2022-10-09T00:00:00+00:00 [running]> on host f7cb6ffd90da
[2022-10-11T00:00:46.206+0000] {taskinstance.py:1592} INFO - Exporting the following env vars:
AIRFLOW_CTX_DAG_OWNER=***
AIRFLOW_CTX_DAG_ID=assignment
AIRFLOW_CTX_TASK_ID=task_four
AIRFLOW_CTX_EXECUTION_DATE=2022-10-09T00:00:00+00:00
AIRFLOW_CTX_TRY_NUMBER=1
AIRFLOW_CTX_DAG_RUN_ID=scheduled__2022-10-09T00:00:00+00:00
[2022-10-11T00:00:46.234+0000] {logging_mixin.py:117} INFO - wrote file: titles_clean.json
[2022-10-11T00:00:46.241+0000] {python.py:177} INFO - Done. Returned value was: None
[2022-10-11T00:00:46.276+0000] {taskinstance.py:1406} INFO - Marking task as SUCCESS. dag_id=assignment, task_id=task_four, execution_date=20221009T000000, start_date=20221011T000045, end_date=20221011T000046
[2022-10-11T00:00:46.480+0000] {local_task_job.py:164} INFO - Task exited with return code 0
[2022-10-11T00:00:46.594+0000] {local_task_job.py:273} INFO - 1 downstream tasks scheduled from follow-on schedule check
