[2022-10-11T00:00:15.490+0000] {processor.py:156} INFO - Started process (PID=737) to work on /opt/airflow/dags/assignment.py
[2022-10-11T00:00:15.498+0000] {processor.py:758} INFO - Processing file /opt/airflow/dags/assignment.py for tasks to queue
[2022-10-11T00:00:15.507+0000] {logging_mixin.py:117} INFO - [2022-10-11T00:00:15.506+0000] {dagbag.py:525} INFO - Filling up the DagBag from /opt/airflow/dags/assignment.py
[2022-10-11T00:00:15.619+0000] {processor.py:768} INFO - DAG(s) dict_keys(['assignment']) retrieved from /opt/airflow/dags/assignment.py
[2022-10-11T00:00:16.044+0000] {logging_mixin.py:117} INFO - [2022-10-11T00:00:16.043+0000] {dag.py:2573} INFO - Sync 1 DAGs
[2022-10-11T00:00:16.119+0000] {logging_mixin.py:117} INFO - [2022-10-11T00:00:16.116+0000] {dag.py:3328} INFO - Setting next_dagrun for assignment to 2022-10-11T00:00:00+00:00, run_after=2022-10-12T00:00:00+00:00
[2022-10-11T00:00:16.345+0000] {processor.py:178} INFO - Processing /opt/airflow/dags/assignment.py took 0.872 seconds
[2022-10-11T00:00:47.139+0000] {processor.py:156} INFO - Started process (PID=754) to work on /opt/airflow/dags/assignment.py
[2022-10-11T00:00:47.145+0000] {processor.py:758} INFO - Processing file /opt/airflow/dags/assignment.py for tasks to queue
[2022-10-11T00:00:47.150+0000] {logging_mixin.py:117} INFO - [2022-10-11T00:00:47.150+0000] {dagbag.py:525} INFO - Filling up the DagBag from /opt/airflow/dags/assignment.py
[2022-10-11T00:00:47.215+0000] {processor.py:768} INFO - DAG(s) dict_keys(['assignment']) retrieved from /opt/airflow/dags/assignment.py
[2022-10-11T00:00:47.281+0000] {logging_mixin.py:117} INFO - [2022-10-11T00:00:47.280+0000] {dag.py:2573} INFO - Sync 1 DAGs
[2022-10-11T00:00:47.341+0000] {logging_mixin.py:117} INFO - [2022-10-11T00:00:47.341+0000] {dag.py:3328} INFO - Setting next_dagrun for assignment to 2022-10-11T00:00:00+00:00, run_after=2022-10-12T00:00:00+00:00
[2022-10-11T00:00:47.379+0000] {processor.py:178} INFO - Processing /opt/airflow/dags/assignment.py took 0.249 seconds
[2022-10-11T00:01:17.904+0000] {processor.py:156} INFO - Started process (PID=782) to work on /opt/airflow/dags/assignment.py
[2022-10-11T00:01:17.906+0000] {processor.py:758} INFO - Processing file /opt/airflow/dags/assignment.py for tasks to queue
[2022-10-11T00:01:17.908+0000] {logging_mixin.py:117} INFO - [2022-10-11T00:01:17.908+0000] {dagbag.py:525} INFO - Filling up the DagBag from /opt/airflow/dags/assignment.py
[2022-10-11T00:01:17.953+0000] {processor.py:768} INFO - DAG(s) dict_keys(['assignment']) retrieved from /opt/airflow/dags/assignment.py
[2022-10-11T00:01:18.006+0000] {logging_mixin.py:117} INFO - [2022-10-11T00:01:18.006+0000] {dag.py:2573} INFO - Sync 1 DAGs
[2022-10-11T00:01:18.030+0000] {logging_mixin.py:117} INFO - [2022-10-11T00:01:18.030+0000] {dag.py:3328} INFO - Setting next_dagrun for assignment to 2022-10-11T00:00:00+00:00, run_after=2022-10-12T00:00:00+00:00
[2022-10-11T00:01:18.043+0000] {processor.py:178} INFO - Processing /opt/airflow/dags/assignment.py took 0.142 seconds
[2022-10-11T00:01:48.414+0000] {processor.py:156} INFO - Started process (PID=810) to work on /opt/airflow/dags/assignment.py
[2022-10-11T00:01:48.422+0000] {processor.py:758} INFO - Processing file /opt/airflow/dags/assignment.py for tasks to queue
[2022-10-11T00:01:48.424+0000] {logging_mixin.py:117} INFO - [2022-10-11T00:01:48.424+0000] {dagbag.py:525} INFO - Filling up the DagBag from /opt/airflow/dags/assignment.py
[2022-10-11T00:01:48.475+0000] {processor.py:768} INFO - DAG(s) dict_keys(['assignment']) retrieved from /opt/airflow/dags/assignment.py
[2022-10-11T00:01:48.530+0000] {logging_mixin.py:117} INFO - [2022-10-11T00:01:48.529+0000] {dag.py:2573} INFO - Sync 1 DAGs
[2022-10-11T00:01:48.557+0000] {logging_mixin.py:117} INFO - [2022-10-11T00:01:48.557+0000] {dag.py:3328} INFO - Setting next_dagrun for assignment to 2022-10-11T00:00:00+00:00, run_after=2022-10-12T00:00:00+00:00
[2022-10-11T00:01:48.576+0000] {processor.py:178} INFO - Processing /opt/airflow/dags/assignment.py took 0.167 seconds
[2022-10-11T00:02:19.346+0000] {processor.py:156} INFO - Started process (PID=837) to work on /opt/airflow/dags/assignment.py
[2022-10-11T00:02:19.359+0000] {processor.py:758} INFO - Processing file /opt/airflow/dags/assignment.py for tasks to queue
[2022-10-11T00:02:19.365+0000] {logging_mixin.py:117} INFO - [2022-10-11T00:02:19.364+0000] {dagbag.py:525} INFO - Filling up the DagBag from /opt/airflow/dags/assignment.py
[2022-10-11T00:02:19.487+0000] {processor.py:768} INFO - DAG(s) dict_keys(['assignment']) retrieved from /opt/airflow/dags/assignment.py
[2022-10-11T00:02:19.770+0000] {logging_mixin.py:117} INFO - [2022-10-11T00:02:19.769+0000] {dag.py:2573} INFO - Sync 1 DAGs
[2022-10-11T00:02:19.838+0000] {logging_mixin.py:117} INFO - [2022-10-11T00:02:19.838+0000] {dag.py:3328} INFO - Setting next_dagrun for assignment to 2022-10-11T00:00:00+00:00, run_after=2022-10-12T00:00:00+00:00
[2022-10-11T00:02:19.885+0000] {processor.py:178} INFO - Processing /opt/airflow/dags/assignment.py took 0.556 seconds
[2022-10-11T00:02:50.078+0000] {processor.py:156} INFO - Started process (PID=858) to work on /opt/airflow/dags/assignment.py
[2022-10-11T00:02:50.084+0000] {processor.py:758} INFO - Processing file /opt/airflow/dags/assignment.py for tasks to queue
[2022-10-11T00:02:50.085+0000] {logging_mixin.py:117} INFO - [2022-10-11T00:02:50.085+0000] {dagbag.py:525} INFO - Filling up the DagBag from /opt/airflow/dags/assignment.py
[2022-10-11T00:02:50.149+0000] {processor.py:768} INFO - DAG(s) dict_keys(['assignment']) retrieved from /opt/airflow/dags/assignment.py
[2022-10-11T00:02:50.268+0000] {logging_mixin.py:117} INFO - [2022-10-11T00:02:50.268+0000] {dag.py:2573} INFO - Sync 1 DAGs
[2022-10-11T00:02:50.321+0000] {logging_mixin.py:117} INFO - [2022-10-11T00:02:50.321+0000] {dag.py:3328} INFO - Setting next_dagrun for assignment to 2022-10-11T00:00:00+00:00, run_after=2022-10-12T00:00:00+00:00
[2022-10-11T00:02:50.381+0000] {processor.py:178} INFO - Processing /opt/airflow/dags/assignment.py took 0.313 seconds
[2022-10-11T00:03:21.086+0000] {processor.py:156} INFO - Started process (PID=887) to work on /opt/airflow/dags/assignment.py
[2022-10-11T00:03:21.089+0000] {processor.py:758} INFO - Processing file /opt/airflow/dags/assignment.py for tasks to queue
[2022-10-11T00:03:21.091+0000] {logging_mixin.py:117} INFO - [2022-10-11T00:03:21.091+0000] {dagbag.py:525} INFO - Filling up the DagBag from /opt/airflow/dags/assignment.py
[2022-10-11T00:03:21.148+0000] {processor.py:768} INFO - DAG(s) dict_keys(['assignment']) retrieved from /opt/airflow/dags/assignment.py
[2022-10-11T00:03:21.202+0000] {logging_mixin.py:117} INFO - [2022-10-11T00:03:21.202+0000] {dag.py:2573} INFO - Sync 1 DAGs
[2022-10-11T00:03:21.225+0000] {logging_mixin.py:117} INFO - [2022-10-11T00:03:21.225+0000] {dag.py:3328} INFO - Setting next_dagrun for assignment to 2022-10-11T00:00:00+00:00, run_after=2022-10-12T00:00:00+00:00
[2022-10-11T00:03:21.239+0000] {processor.py:178} INFO - Processing /opt/airflow/dags/assignment.py took 0.161 seconds
[2022-10-11T00:03:51.792+0000] {processor.py:156} INFO - Started process (PID=915) to work on /opt/airflow/dags/assignment.py
[2022-10-11T00:03:51.797+0000] {processor.py:758} INFO - Processing file /opt/airflow/dags/assignment.py for tasks to queue
[2022-10-11T00:03:51.799+0000] {logging_mixin.py:117} INFO - [2022-10-11T00:03:51.798+0000] {dagbag.py:525} INFO - Filling up the DagBag from /opt/airflow/dags/assignment.py
[2022-10-11T00:03:51.840+0000] {processor.py:768} INFO - DAG(s) dict_keys(['assignment']) retrieved from /opt/airflow/dags/assignment.py
[2022-10-11T00:03:51.918+0000] {logging_mixin.py:117} INFO - [2022-10-11T00:03:51.918+0000] {dag.py:2573} INFO - Sync 1 DAGs
[2022-10-11T00:03:51.952+0000] {logging_mixin.py:117} INFO - [2022-10-11T00:03:51.952+0000] {dag.py:3328} INFO - Setting next_dagrun for assignment to 2022-10-11T00:00:00+00:00, run_after=2022-10-12T00:00:00+00:00
[2022-10-11T00:03:51.970+0000] {processor.py:178} INFO - Processing /opt/airflow/dags/assignment.py took 0.186 seconds
[2022-10-11T00:04:22.360+0000] {processor.py:156} INFO - Started process (PID=934) to work on /opt/airflow/dags/assignment.py
[2022-10-11T00:04:22.364+0000] {processor.py:758} INFO - Processing file /opt/airflow/dags/assignment.py for tasks to queue
[2022-10-11T00:04:22.365+0000] {logging_mixin.py:117} INFO - [2022-10-11T00:04:22.365+0000] {dagbag.py:525} INFO - Filling up the DagBag from /opt/airflow/dags/assignment.py
[2022-10-11T00:04:22.406+0000] {processor.py:768} INFO - DAG(s) dict_keys(['assignment']) retrieved from /opt/airflow/dags/assignment.py
[2022-10-11T00:04:22.456+0000] {logging_mixin.py:117} INFO - [2022-10-11T00:04:22.456+0000] {dag.py:2573} INFO - Sync 1 DAGs
[2022-10-11T00:04:22.474+0000] {logging_mixin.py:117} INFO - [2022-10-11T00:04:22.474+0000] {dag.py:3328} INFO - Setting next_dagrun for assignment to 2022-10-11T00:00:00+00:00, run_after=2022-10-12T00:00:00+00:00
[2022-10-11T00:04:22.487+0000] {processor.py:178} INFO - Processing /opt/airflow/dags/assignment.py took 0.134 seconds
[2022-10-11T00:04:52.899+0000] {processor.py:156} INFO - Started process (PID=962) to work on /opt/airflow/dags/assignment.py
[2022-10-11T00:04:52.901+0000] {processor.py:758} INFO - Processing file /opt/airflow/dags/assignment.py for tasks to queue
[2022-10-11T00:04:52.903+0000] {logging_mixin.py:117} INFO - [2022-10-11T00:04:52.902+0000] {dagbag.py:525} INFO - Filling up the DagBag from /opt/airflow/dags/assignment.py
[2022-10-11T00:04:52.952+0000] {processor.py:768} INFO - DAG(s) dict_keys(['assignment']) retrieved from /opt/airflow/dags/assignment.py
[2022-10-11T00:04:53.015+0000] {logging_mixin.py:117} INFO - [2022-10-11T00:04:53.014+0000] {dag.py:2573} INFO - Sync 1 DAGs
[2022-10-11T00:04:53.042+0000] {logging_mixin.py:117} INFO - [2022-10-11T00:04:53.042+0000] {dag.py:3328} INFO - Setting next_dagrun for assignment to 2022-10-11T00:00:00+00:00, run_after=2022-10-12T00:00:00+00:00
[2022-10-11T00:04:53.063+0000] {processor.py:178} INFO - Processing /opt/airflow/dags/assignment.py took 0.170 seconds
[2022-10-11T00:05:23.490+0000] {processor.py:156} INFO - Started process (PID=989) to work on /opt/airflow/dags/assignment.py
[2022-10-11T00:05:23.493+0000] {processor.py:758} INFO - Processing file /opt/airflow/dags/assignment.py for tasks to queue
[2022-10-11T00:05:23.495+0000] {logging_mixin.py:117} INFO - [2022-10-11T00:05:23.494+0000] {dagbag.py:525} INFO - Filling up the DagBag from /opt/airflow/dags/assignment.py
[2022-10-11T00:05:23.535+0000] {processor.py:768} INFO - DAG(s) dict_keys(['assignment']) retrieved from /opt/airflow/dags/assignment.py
[2022-10-11T00:05:23.582+0000] {logging_mixin.py:117} INFO - [2022-10-11T00:05:23.582+0000] {dag.py:2573} INFO - Sync 1 DAGs
[2022-10-11T00:05:23.606+0000] {logging_mixin.py:117} INFO - [2022-10-11T00:05:23.606+0000] {dag.py:3328} INFO - Setting next_dagrun for assignment to 2022-10-11T00:00:00+00:00, run_after=2022-10-12T00:00:00+00:00
[2022-10-11T00:05:23.623+0000] {processor.py:178} INFO - Processing /opt/airflow/dags/assignment.py took 0.138 seconds
[2022-10-11T00:05:53.977+0000] {processor.py:156} INFO - Started process (PID=1016) to work on /opt/airflow/dags/assignment.py
[2022-10-11T00:05:53.982+0000] {processor.py:758} INFO - Processing file /opt/airflow/dags/assignment.py for tasks to queue
[2022-10-11T00:05:53.986+0000] {logging_mixin.py:117} INFO - [2022-10-11T00:05:53.986+0000] {dagbag.py:525} INFO - Filling up the DagBag from /opt/airflow/dags/assignment.py
[2022-10-11T00:05:54.030+0000] {processor.py:768} INFO - DAG(s) dict_keys(['assignment']) retrieved from /opt/airflow/dags/assignment.py
[2022-10-11T00:05:54.102+0000] {logging_mixin.py:117} INFO - [2022-10-11T00:05:54.102+0000] {dag.py:2573} INFO - Sync 1 DAGs
[2022-10-11T00:05:54.136+0000] {logging_mixin.py:117} INFO - [2022-10-11T00:05:54.135+0000] {dag.py:3328} INFO - Setting next_dagrun for assignment to 2022-10-11T00:00:00+00:00, run_after=2022-10-12T00:00:00+00:00
[2022-10-11T00:05:54.161+0000] {processor.py:178} INFO - Processing /opt/airflow/dags/assignment.py took 0.188 seconds
[2022-10-11T00:06:24.591+0000] {processor.py:156} INFO - Started process (PID=1035) to work on /opt/airflow/dags/assignment.py
[2022-10-11T00:06:24.598+0000] {processor.py:758} INFO - Processing file /opt/airflow/dags/assignment.py for tasks to queue
[2022-10-11T00:06:24.600+0000] {logging_mixin.py:117} INFO - [2022-10-11T00:06:24.600+0000] {dagbag.py:525} INFO - Filling up the DagBag from /opt/airflow/dags/assignment.py
[2022-10-11T00:06:24.667+0000] {processor.py:768} INFO - DAG(s) dict_keys(['assignment']) retrieved from /opt/airflow/dags/assignment.py
[2022-10-11T00:06:24.724+0000] {logging_mixin.py:117} INFO - [2022-10-11T00:06:24.724+0000] {dag.py:2573} INFO - Sync 1 DAGs
[2022-10-11T00:06:24.751+0000] {logging_mixin.py:117} INFO - [2022-10-11T00:06:24.751+0000] {dag.py:3328} INFO - Setting next_dagrun for assignment to 2022-10-11T00:00:00+00:00, run_after=2022-10-12T00:00:00+00:00
[2022-10-11T00:06:24.768+0000] {processor.py:178} INFO - Processing /opt/airflow/dags/assignment.py took 0.188 seconds
[2022-10-11T00:06:55.088+0000] {processor.py:156} INFO - Started process (PID=1063) to work on /opt/airflow/dags/assignment.py
[2022-10-11T00:06:55.091+0000] {processor.py:758} INFO - Processing file /opt/airflow/dags/assignment.py for tasks to queue
[2022-10-11T00:06:55.092+0000] {logging_mixin.py:117} INFO - [2022-10-11T00:06:55.092+0000] {dagbag.py:525} INFO - Filling up the DagBag from /opt/airflow/dags/assignment.py
[2022-10-11T00:06:55.154+0000] {processor.py:768} INFO - DAG(s) dict_keys(['assignment']) retrieved from /opt/airflow/dags/assignment.py
[2022-10-11T00:06:55.216+0000] {logging_mixin.py:117} INFO - [2022-10-11T00:06:55.216+0000] {dag.py:2573} INFO - Sync 1 DAGs
[2022-10-11T00:06:55.240+0000] {logging_mixin.py:117} INFO - [2022-10-11T00:06:55.239+0000] {dag.py:3328} INFO - Setting next_dagrun for assignment to 2022-10-11T00:00:00+00:00, run_after=2022-10-12T00:00:00+00:00
[2022-10-11T00:06:55.253+0000] {processor.py:178} INFO - Processing /opt/airflow/dags/assignment.py took 0.169 seconds
[2022-10-11T00:07:25.803+0000] {processor.py:156} INFO - Started process (PID=1091) to work on /opt/airflow/dags/assignment.py
[2022-10-11T00:07:25.813+0000] {processor.py:758} INFO - Processing file /opt/airflow/dags/assignment.py for tasks to queue
[2022-10-11T00:07:25.818+0000] {logging_mixin.py:117} INFO - [2022-10-11T00:07:25.817+0000] {dagbag.py:525} INFO - Filling up the DagBag from /opt/airflow/dags/assignment.py
[2022-10-11T00:07:25.907+0000] {processor.py:768} INFO - DAG(s) dict_keys(['assignment']) retrieved from /opt/airflow/dags/assignment.py
[2022-10-11T00:07:25.986+0000] {logging_mixin.py:117} INFO - [2022-10-11T00:07:25.986+0000] {dag.py:2573} INFO - Sync 1 DAGs
[2022-10-11T00:07:26.016+0000] {logging_mixin.py:117} INFO - [2022-10-11T00:07:26.016+0000] {dag.py:3328} INFO - Setting next_dagrun for assignment to 2022-10-11T00:00:00+00:00, run_after=2022-10-12T00:00:00+00:00
[2022-10-11T00:07:26.031+0000] {processor.py:178} INFO - Processing /opt/airflow/dags/assignment.py took 0.235 seconds
[2022-10-11T00:07:56.255+0000] {processor.py:156} INFO - Started process (PID=1119) to work on /opt/airflow/dags/assignment.py
[2022-10-11T00:07:56.258+0000] {processor.py:758} INFO - Processing file /opt/airflow/dags/assignment.py for tasks to queue
[2022-10-11T00:07:56.260+0000] {logging_mixin.py:117} INFO - [2022-10-11T00:07:56.260+0000] {dagbag.py:525} INFO - Filling up the DagBag from /opt/airflow/dags/assignment.py
[2022-10-11T00:07:56.304+0000] {processor.py:768} INFO - DAG(s) dict_keys(['assignment']) retrieved from /opt/airflow/dags/assignment.py
[2022-10-11T00:07:56.363+0000] {logging_mixin.py:117} INFO - [2022-10-11T00:07:56.363+0000] {dag.py:2573} INFO - Sync 1 DAGs
[2022-10-11T00:07:56.395+0000] {logging_mixin.py:117} INFO - [2022-10-11T00:07:56.395+0000] {dag.py:3328} INFO - Setting next_dagrun for assignment to 2022-10-11T00:00:00+00:00, run_after=2022-10-12T00:00:00+00:00
[2022-10-11T00:07:56.413+0000] {processor.py:178} INFO - Processing /opt/airflow/dags/assignment.py took 0.162 seconds
[2022-10-11T00:08:26.882+0000] {processor.py:156} INFO - Started process (PID=1138) to work on /opt/airflow/dags/assignment.py
[2022-10-11T00:08:26.888+0000] {processor.py:758} INFO - Processing file /opt/airflow/dags/assignment.py for tasks to queue
[2022-10-11T00:08:26.891+0000] {logging_mixin.py:117} INFO - [2022-10-11T00:08:26.891+0000] {dagbag.py:525} INFO - Filling up the DagBag from /opt/airflow/dags/assignment.py
[2022-10-11T00:08:26.922+0000] {processor.py:768} INFO - DAG(s) dict_keys(['assignment']) retrieved from /opt/airflow/dags/assignment.py
[2022-10-11T00:08:26.973+0000] {logging_mixin.py:117} INFO - [2022-10-11T00:08:26.973+0000] {dag.py:2573} INFO - Sync 1 DAGs
[2022-10-11T00:08:26.994+0000] {logging_mixin.py:117} INFO - [2022-10-11T00:08:26.994+0000] {dag.py:3328} INFO - Setting next_dagrun for assignment to 2022-10-11T00:00:00+00:00, run_after=2022-10-12T00:00:00+00:00
[2022-10-11T00:08:27.009+0000] {processor.py:178} INFO - Processing /opt/airflow/dags/assignment.py took 0.131 seconds
[2022-10-11T00:08:57.354+0000] {processor.py:156} INFO - Started process (PID=1166) to work on /opt/airflow/dags/assignment.py
[2022-10-11T00:08:57.359+0000] {processor.py:758} INFO - Processing file /opt/airflow/dags/assignment.py for tasks to queue
[2022-10-11T00:08:57.361+0000] {logging_mixin.py:117} INFO - [2022-10-11T00:08:57.361+0000] {dagbag.py:525} INFO - Filling up the DagBag from /opt/airflow/dags/assignment.py
[2022-10-11T00:08:57.407+0000] {processor.py:768} INFO - DAG(s) dict_keys(['assignment']) retrieved from /opt/airflow/dags/assignment.py
[2022-10-11T00:08:57.455+0000] {logging_mixin.py:117} INFO - [2022-10-11T00:08:57.455+0000] {dag.py:2573} INFO - Sync 1 DAGs
[2022-10-11T00:08:57.474+0000] {logging_mixin.py:117} INFO - [2022-10-11T00:08:57.474+0000] {dag.py:3328} INFO - Setting next_dagrun for assignment to 2022-10-11T00:00:00+00:00, run_after=2022-10-12T00:00:00+00:00
[2022-10-11T00:08:57.489+0000] {processor.py:178} INFO - Processing /opt/airflow/dags/assignment.py took 0.141 seconds
[2022-10-11T00:09:27.853+0000] {processor.py:156} INFO - Started process (PID=1196) to work on /opt/airflow/dags/assignment.py
[2022-10-11T00:09:27.855+0000] {processor.py:758} INFO - Processing file /opt/airflow/dags/assignment.py for tasks to queue
[2022-10-11T00:09:27.857+0000] {logging_mixin.py:117} INFO - [2022-10-11T00:09:27.857+0000] {dagbag.py:525} INFO - Filling up the DagBag from /opt/airflow/dags/assignment.py
[2022-10-11T00:09:27.912+0000] {processor.py:768} INFO - DAG(s) dict_keys(['assignment']) retrieved from /opt/airflow/dags/assignment.py
[2022-10-11T00:09:28.002+0000] {logging_mixin.py:117} INFO - [2022-10-11T00:09:28.002+0000] {dag.py:2573} INFO - Sync 1 DAGs
[2022-10-11T00:09:28.039+0000] {logging_mixin.py:117} INFO - [2022-10-11T00:09:28.039+0000] {dag.py:3328} INFO - Setting next_dagrun for assignment to 2022-10-11T00:00:00+00:00, run_after=2022-10-12T00:00:00+00:00
[2022-10-11T00:09:28.068+0000] {processor.py:178} INFO - Processing /opt/airflow/dags/assignment.py took 0.224 seconds
[2022-10-11T00:09:58.329+0000] {processor.py:156} INFO - Started process (PID=1215) to work on /opt/airflow/dags/assignment.py
[2022-10-11T00:09:58.331+0000] {processor.py:758} INFO - Processing file /opt/airflow/dags/assignment.py for tasks to queue
[2022-10-11T00:09:58.333+0000] {logging_mixin.py:117} INFO - [2022-10-11T00:09:58.333+0000] {dagbag.py:525} INFO - Filling up the DagBag from /opt/airflow/dags/assignment.py
[2022-10-11T00:09:58.371+0000] {processor.py:768} INFO - DAG(s) dict_keys(['assignment']) retrieved from /opt/airflow/dags/assignment.py
[2022-10-11T00:09:58.414+0000] {logging_mixin.py:117} INFO - [2022-10-11T00:09:58.414+0000] {dag.py:2573} INFO - Sync 1 DAGs
[2022-10-11T00:09:58.433+0000] {logging_mixin.py:117} INFO - [2022-10-11T00:09:58.433+0000] {dag.py:3328} INFO - Setting next_dagrun for assignment to 2022-10-11T00:00:00+00:00, run_after=2022-10-12T00:00:00+00:00
[2022-10-11T00:09:58.449+0000] {processor.py:178} INFO - Processing /opt/airflow/dags/assignment.py took 0.124 seconds
[2022-10-11T00:10:28.771+0000] {processor.py:156} INFO - Started process (PID=1243) to work on /opt/airflow/dags/assignment.py
[2022-10-11T00:10:28.775+0000] {processor.py:758} INFO - Processing file /opt/airflow/dags/assignment.py for tasks to queue
[2022-10-11T00:10:28.776+0000] {logging_mixin.py:117} INFO - [2022-10-11T00:10:28.776+0000] {dagbag.py:525} INFO - Filling up the DagBag from /opt/airflow/dags/assignment.py
[2022-10-11T00:10:28.816+0000] {processor.py:768} INFO - DAG(s) dict_keys(['assignment']) retrieved from /opt/airflow/dags/assignment.py
[2022-10-11T00:10:28.861+0000] {logging_mixin.py:117} INFO - [2022-10-11T00:10:28.861+0000] {dag.py:2573} INFO - Sync 1 DAGs
[2022-10-11T00:10:28.881+0000] {logging_mixin.py:117} INFO - [2022-10-11T00:10:28.881+0000] {dag.py:3328} INFO - Setting next_dagrun for assignment to 2022-10-11T00:00:00+00:00, run_after=2022-10-12T00:00:00+00:00
[2022-10-11T00:10:28.900+0000] {processor.py:178} INFO - Processing /opt/airflow/dags/assignment.py took 0.134 seconds
[2022-10-11T00:10:59.251+0000] {processor.py:156} INFO - Started process (PID=1271) to work on /opt/airflow/dags/assignment.py
[2022-10-11T00:10:59.254+0000] {processor.py:758} INFO - Processing file /opt/airflow/dags/assignment.py for tasks to queue
[2022-10-11T00:10:59.256+0000] {logging_mixin.py:117} INFO - [2022-10-11T00:10:59.256+0000] {dagbag.py:525} INFO - Filling up the DagBag from /opt/airflow/dags/assignment.py
[2022-10-11T00:10:59.305+0000] {processor.py:768} INFO - DAG(s) dict_keys(['assignment']) retrieved from /opt/airflow/dags/assignment.py
[2022-10-11T00:10:59.375+0000] {logging_mixin.py:117} INFO - [2022-10-11T00:10:59.375+0000] {dag.py:2573} INFO - Sync 1 DAGs
[2022-10-11T00:10:59.409+0000] {logging_mixin.py:117} INFO - [2022-10-11T00:10:59.409+0000] {dag.py:3328} INFO - Setting next_dagrun for assignment to 2022-10-11T00:00:00+00:00, run_after=2022-10-12T00:00:00+00:00
[2022-10-11T00:10:59.425+0000] {processor.py:178} INFO - Processing /opt/airflow/dags/assignment.py took 0.179 seconds
[2022-10-11T00:11:29.689+0000] {processor.py:156} INFO - Started process (PID=1299) to work on /opt/airflow/dags/assignment.py
[2022-10-11T00:11:29.691+0000] {processor.py:758} INFO - Processing file /opt/airflow/dags/assignment.py for tasks to queue
[2022-10-11T00:11:29.693+0000] {logging_mixin.py:117} INFO - [2022-10-11T00:11:29.693+0000] {dagbag.py:525} INFO - Filling up the DagBag from /opt/airflow/dags/assignment.py
[2022-10-11T00:11:29.729+0000] {processor.py:768} INFO - DAG(s) dict_keys(['assignment']) retrieved from /opt/airflow/dags/assignment.py
[2022-10-11T00:11:29.786+0000] {logging_mixin.py:117} INFO - [2022-10-11T00:11:29.786+0000] {dag.py:2573} INFO - Sync 1 DAGs
[2022-10-11T00:11:29.811+0000] {logging_mixin.py:117} INFO - [2022-10-11T00:11:29.811+0000] {dag.py:3328} INFO - Setting next_dagrun for assignment to 2022-10-11T00:00:00+00:00, run_after=2022-10-12T00:00:00+00:00
[2022-10-11T00:11:29.827+0000] {processor.py:178} INFO - Processing /opt/airflow/dags/assignment.py took 0.142 seconds
