[2022-10-10T23:47:39.746+0000] {taskinstance.py:1165} INFO - Dependencies all met for <TaskInstance: assignment.task_one scheduled__2022-10-09T00:00:00+00:00 [queued]>
[2022-10-10T23:47:39.765+0000] {taskinstance.py:1165} INFO - Dependencies all met for <TaskInstance: assignment.task_one scheduled__2022-10-09T00:00:00+00:00 [queued]>
[2022-10-10T23:47:39.767+0000] {taskinstance.py:1362} INFO - 
--------------------------------------------------------------------------------
[2022-10-10T23:47:39.770+0000] {taskinstance.py:1363} INFO - Starting attempt 1 of 1
[2022-10-10T23:47:39.772+0000] {taskinstance.py:1364} INFO - 
--------------------------------------------------------------------------------
[2022-10-10T23:47:39.790+0000] {taskinstance.py:1383} INFO - Executing <Task(PythonOperator): task_one> on 2022-10-09 00:00:00+00:00
[2022-10-10T23:47:39.818+0000] {standard_task_runner.py:54} INFO - Started process 160 to run task
[2022-10-10T23:47:39.830+0000] {standard_task_runner.py:82} INFO - Running: ['***', 'tasks', 'run', 'assignment', 'task_one', 'scheduled__2022-10-09T00:00:00+00:00', '--job-id', '8', '--raw', '--subdir', 'DAGS_FOLDER/assignment.py', '--cfg-path', '/tmp/tmpne8kc0ns']
[2022-10-10T23:47:39.833+0000] {standard_task_runner.py:83} INFO - Job 8: Subtask task_one
[2022-10-10T23:47:39.838+0000] {dagbag.py:525} INFO - Filling up the DagBag from /opt/***/dags/assignment.py
[2022-10-10T23:47:39.982+0000] {task_command.py:384} INFO - Running <TaskInstance: assignment.task_one scheduled__2022-10-09T00:00:00+00:00 [running]> on host f7cb6ffd90da
[2022-10-10T23:47:40.047+0000] {taskinstance.py:1592} INFO - Exporting the following env vars:
AIRFLOW_CTX_DAG_OWNER=***
AIRFLOW_CTX_DAG_ID=assignment
AIRFLOW_CTX_TASK_ID=task_one
AIRFLOW_CTX_EXECUTION_DATE=2022-10-09T00:00:00+00:00
AIRFLOW_CTX_TRY_NUMBER=1
AIRFLOW_CTX_DAG_RUN_ID=scheduled__2022-10-09T00:00:00+00:00
[2022-10-10T23:47:40.815+0000] {logging_mixin.py:117} INFO - wrote file: m1a.html
[2022-10-10T23:47:40.832+0000] {logging_mixin.py:117} INFO - pulled: m1a.html
[2022-10-10T23:47:40.838+0000] {logging_mixin.py:117} INFO - --- waiting ---
[2022-10-10T23:47:56.255+0000] {logging_mixin.py:117} INFO - wrote file: m1b.html
[2022-10-10T23:47:56.277+0000] {logging_mixin.py:117} INFO - pulled: m1b.html
[2022-10-10T23:47:56.281+0000] {logging_mixin.py:117} INFO - --- waiting ---
[2022-10-10T23:48:11.817+0000] {logging_mixin.py:117} INFO - wrote file: m1c.html
[2022-10-10T23:48:11.827+0000] {logging_mixin.py:117} INFO - pulled: m1c.html
[2022-10-10T23:48:11.829+0000] {logging_mixin.py:117} INFO - --- waiting ---
[2022-10-10T23:48:27.257+0000] {logging_mixin.py:117} INFO - wrote file: m2a.html
[2022-10-10T23:48:27.266+0000] {logging_mixin.py:117} INFO - pulled: m2a.html
[2022-10-10T23:48:27.271+0000] {logging_mixin.py:117} INFO - --- waiting ---
[2022-10-10T23:48:42.793+0000] {logging_mixin.py:117} INFO - wrote file: m2b.html
[2022-10-10T23:48:42.798+0000] {logging_mixin.py:117} INFO - pulled: m2b.html
[2022-10-10T23:48:42.800+0000] {logging_mixin.py:117} INFO - --- waiting ---
[2022-10-10T23:48:58.245+0000] {logging_mixin.py:117} INFO - wrote file: m2c.html
[2022-10-10T23:48:58.251+0000] {logging_mixin.py:117} INFO - pulled: m2c.html
[2022-10-10T23:48:58.253+0000] {logging_mixin.py:117} INFO - --- waiting ---
[2022-10-10T23:49:13.708+0000] {logging_mixin.py:117} INFO - wrote file: m3a.html
[2022-10-10T23:49:13.713+0000] {logging_mixin.py:117} INFO - pulled: m3a.html
[2022-10-10T23:49:13.715+0000] {logging_mixin.py:117} INFO - --- waiting ---
[2022-10-10T23:49:29.111+0000] {logging_mixin.py:117} INFO - wrote file: m3b.html
[2022-10-10T23:49:29.122+0000] {logging_mixin.py:117} INFO - pulled: m3b.html
[2022-10-10T23:49:29.125+0000] {logging_mixin.py:117} INFO - --- waiting ---
[2022-10-10T23:49:44.523+0000] {logging_mixin.py:117} INFO - wrote file: m4a.html
[2022-10-10T23:49:44.546+0000] {logging_mixin.py:117} INFO - pulled: m4a.html
[2022-10-10T23:49:44.552+0000] {logging_mixin.py:117} INFO - --- waiting ---
[2022-10-10T23:49:59.932+0000] {logging_mixin.py:117} INFO - wrote file: m4b.html
[2022-10-10T23:49:59.939+0000] {logging_mixin.py:117} INFO - pulled: m4b.html
[2022-10-10T23:49:59.940+0000] {logging_mixin.py:117} INFO - --- waiting ---
[2022-10-10T23:50:15.305+0000] {logging_mixin.py:117} INFO - wrote file: m4c.html
[2022-10-10T23:50:15.311+0000] {logging_mixin.py:117} INFO - pulled: m4c.html
[2022-10-10T23:50:15.312+0000] {logging_mixin.py:117} INFO - --- waiting ---
[2022-10-10T23:50:30.696+0000] {logging_mixin.py:117} INFO - wrote file: m4d.html
[2022-10-10T23:50:30.705+0000] {logging_mixin.py:117} INFO - pulled: m4d.html
[2022-10-10T23:50:30.707+0000] {logging_mixin.py:117} INFO - --- waiting ---
[2022-10-10T23:50:46.069+0000] {logging_mixin.py:117} INFO - wrote file: m4e.html
[2022-10-10T23:50:46.080+0000] {logging_mixin.py:117} INFO - pulled: m4e.html
[2022-10-10T23:50:46.084+0000] {logging_mixin.py:117} INFO - --- waiting ---
[2022-10-10T23:51:01.447+0000] {logging_mixin.py:117} INFO - wrote file: m4f.html
[2022-10-10T23:51:01.461+0000] {logging_mixin.py:117} INFO - pulled: m4f.html
[2022-10-10T23:51:01.464+0000] {logging_mixin.py:117} INFO - --- waiting ---
[2022-10-10T23:51:16.769+0000] {logging_mixin.py:117} INFO - wrote file: m4g.html
[2022-10-10T23:51:16.801+0000] {logging_mixin.py:117} INFO - pulled: m4g.html
[2022-10-10T23:51:16.817+0000] {logging_mixin.py:117} INFO - --- waiting ---
[2022-10-10T23:51:32.254+0000] {logging_mixin.py:117} INFO - wrote file: m5a.html
[2022-10-10T23:51:32.258+0000] {logging_mixin.py:117} INFO - pulled: m5a.html
[2022-10-10T23:51:32.259+0000] {logging_mixin.py:117} INFO - --- waiting ---
[2022-10-10T23:51:47.625+0000] {logging_mixin.py:117} INFO - wrote file: m5b.html
[2022-10-10T23:51:47.643+0000] {logging_mixin.py:117} INFO - pulled: m5b.html
[2022-10-10T23:51:47.647+0000] {logging_mixin.py:117} INFO - --- waiting ---
[2022-10-10T23:52:03.366+0000] {logging_mixin.py:117} INFO - wrote file: m6a.html
[2022-10-10T23:52:03.400+0000] {logging_mixin.py:117} INFO - pulled: m6a.html
[2022-10-10T23:52:03.409+0000] {logging_mixin.py:117} INFO - --- waiting ---
[2022-10-10T23:52:18.855+0000] {logging_mixin.py:117} INFO - wrote file: m6b.html
[2022-10-10T23:52:18.858+0000] {logging_mixin.py:117} INFO - pulled: m6b.html
[2022-10-10T23:52:18.860+0000] {logging_mixin.py:117} INFO - --- waiting ---
[2022-10-10T23:52:34.268+0000] {logging_mixin.py:117} INFO - wrote file: m6c.html
[2022-10-10T23:52:34.273+0000] {logging_mixin.py:117} INFO - pulled: m6c.html
[2022-10-10T23:52:34.275+0000] {logging_mixin.py:117} INFO - --- waiting ---
[2022-10-10T23:52:49.925+0000] {logging_mixin.py:117} INFO - wrote file: m7a.html
[2022-10-10T23:52:49.953+0000] {logging_mixin.py:117} INFO - pulled: m7a.html
[2022-10-10T23:52:49.963+0000] {logging_mixin.py:117} INFO - --- waiting ---
[2022-10-10T23:53:05.360+0000] {logging_mixin.py:117} INFO - wrote file: m8a.html
[2022-10-10T23:53:05.376+0000] {logging_mixin.py:117} INFO - pulled: m8a.html
[2022-10-10T23:53:05.384+0000] {logging_mixin.py:117} INFO - --- waiting ---
[2022-10-10T23:53:20.851+0000] {logging_mixin.py:117} INFO - wrote file: m8b.html
[2022-10-10T23:53:20.864+0000] {logging_mixin.py:117} INFO - pulled: m8b.html
[2022-10-10T23:53:20.875+0000] {logging_mixin.py:117} INFO - --- waiting ---
[2022-10-10T23:53:36.327+0000] {logging_mixin.py:117} INFO - wrote file: m9a.html
[2022-10-10T23:53:36.336+0000] {logging_mixin.py:117} INFO - pulled: m9a.html
[2022-10-10T23:53:36.338+0000] {logging_mixin.py:117} INFO - --- waiting ---
[2022-10-10T23:53:51.710+0000] {logging_mixin.py:117} INFO - wrote file: m9b.html
[2022-10-10T23:53:51.720+0000] {logging_mixin.py:117} INFO - pulled: m9b.html
[2022-10-10T23:53:51.722+0000] {logging_mixin.py:117} INFO - --- waiting ---
[2022-10-10T23:54:07.231+0000] {logging_mixin.py:117} INFO - wrote file: m10a.html
[2022-10-10T23:54:07.241+0000] {logging_mixin.py:117} INFO - pulled: m10a.html
[2022-10-10T23:54:07.243+0000] {logging_mixin.py:117} INFO - --- waiting ---
[2022-10-10T23:54:23.680+0000] {logging_mixin.py:117} INFO - wrote file: m10b.html
[2022-10-10T23:54:23.703+0000] {logging_mixin.py:117} INFO - pulled: m10b.html
[2022-10-10T23:54:23.711+0000] {logging_mixin.py:117} INFO - --- waiting ---
[2022-10-10T23:54:39.164+0000] {logging_mixin.py:117} INFO - wrote file: m11a.html
[2022-10-10T23:54:39.170+0000] {logging_mixin.py:117} INFO - pulled: m11a.html
[2022-10-10T23:54:39.173+0000] {logging_mixin.py:117} INFO - --- waiting ---
[2022-10-10T23:54:54.515+0000] {logging_mixin.py:117} INFO - wrote file: m11b.html
[2022-10-10T23:54:54.518+0000] {logging_mixin.py:117} INFO - pulled: m11b.html
[2022-10-10T23:54:54.519+0000] {logging_mixin.py:117} INFO - --- waiting ---
[2022-10-10T23:55:10.222+0000] {logging_mixin.py:117} INFO - wrote file: m11c.html
[2022-10-10T23:55:10.234+0000] {logging_mixin.py:117} INFO - pulled: m11c.html
[2022-10-10T23:55:10.235+0000] {logging_mixin.py:117} INFO - --- waiting ---
[2022-10-10T23:55:25.715+0000] {logging_mixin.py:117} INFO - wrote file: m12a.html
[2022-10-10T23:55:25.719+0000] {logging_mixin.py:117} INFO - pulled: m12a.html
[2022-10-10T23:55:25.722+0000] {logging_mixin.py:117} INFO - --- waiting ---
[2022-10-10T23:55:41.095+0000] {logging_mixin.py:117} INFO - wrote file: m12b.html
[2022-10-10T23:55:41.105+0000] {logging_mixin.py:117} INFO - pulled: m12b.html
[2022-10-10T23:55:41.108+0000] {logging_mixin.py:117} INFO - --- waiting ---
[2022-10-10T23:55:56.545+0000] {logging_mixin.py:117} INFO - wrote file: m12c.html
[2022-10-10T23:55:56.560+0000] {logging_mixin.py:117} INFO - pulled: m12c.html
[2022-10-10T23:55:56.566+0000] {logging_mixin.py:117} INFO - --- waiting ---
[2022-10-10T23:56:12.478+0000] {logging_mixin.py:117} INFO - wrote file: m14a.html
[2022-10-10T23:56:12.517+0000] {logging_mixin.py:117} INFO - pulled: m14a.html
[2022-10-10T23:56:12.531+0000] {logging_mixin.py:117} INFO - --- waiting ---
[2022-10-10T23:56:27.983+0000] {logging_mixin.py:117} INFO - wrote file: m14b.html
[2022-10-10T23:56:27.993+0000] {logging_mixin.py:117} INFO - pulled: m14b.html
[2022-10-10T23:56:27.997+0000] {logging_mixin.py:117} INFO - --- waiting ---
[2022-10-10T23:56:43.487+0000] {logging_mixin.py:117} INFO - wrote file: m15a.html
[2022-10-10T23:56:43.516+0000] {logging_mixin.py:117} INFO - pulled: m15a.html
[2022-10-10T23:56:43.532+0000] {logging_mixin.py:117} INFO - --- waiting ---
[2022-10-10T23:56:59.174+0000] {logging_mixin.py:117} INFO - wrote file: m15b.html
[2022-10-10T23:56:59.178+0000] {logging_mixin.py:117} INFO - pulled: m15b.html
[2022-10-10T23:56:59.181+0000] {logging_mixin.py:117} INFO - --- waiting ---
[2022-10-10T23:57:14.773+0000] {logging_mixin.py:117} INFO - wrote file: m15c.html
[2022-10-10T23:57:14.782+0000] {logging_mixin.py:117} INFO - pulled: m15c.html
[2022-10-10T23:57:14.784+0000] {logging_mixin.py:117} INFO - --- waiting ---
[2022-10-10T23:57:30.242+0000] {logging_mixin.py:117} INFO - wrote file: m16a.html
[2022-10-10T23:57:30.251+0000] {logging_mixin.py:117} INFO - pulled: m16a.html
[2022-10-10T23:57:30.256+0000] {logging_mixin.py:117} INFO - --- waiting ---
[2022-10-10T23:57:45.696+0000] {logging_mixin.py:117} INFO - wrote file: m16b.html
[2022-10-10T23:57:45.707+0000] {logging_mixin.py:117} INFO - pulled: m16b.html
[2022-10-10T23:57:45.712+0000] {logging_mixin.py:117} INFO - --- waiting ---
[2022-10-10T23:58:01.236+0000] {logging_mixin.py:117} INFO - wrote file: m18a.html
[2022-10-10T23:58:01.255+0000] {logging_mixin.py:117} INFO - pulled: m18a.html
[2022-10-10T23:58:01.267+0000] {logging_mixin.py:117} INFO - --- waiting ---
[2022-10-10T23:58:16.688+0000] {logging_mixin.py:117} INFO - wrote file: m18b.html
[2022-10-10T23:58:16.699+0000] {logging_mixin.py:117} INFO - pulled: m18b.html
[2022-10-10T23:58:16.701+0000] {logging_mixin.py:117} INFO - --- waiting ---
[2022-10-10T23:58:32.161+0000] {logging_mixin.py:117} INFO - wrote file: m20a.html
[2022-10-10T23:58:32.176+0000] {logging_mixin.py:117} INFO - pulled: m20a.html
[2022-10-10T23:58:32.182+0000] {logging_mixin.py:117} INFO - --- waiting ---
[2022-10-10T23:58:47.556+0000] {logging_mixin.py:117} INFO - wrote file: m22a.html
[2022-10-10T23:58:47.569+0000] {logging_mixin.py:117} INFO - pulled: m22a.html
[2022-10-10T23:58:47.571+0000] {logging_mixin.py:117} INFO - --- waiting ---
[2022-10-10T23:59:02.878+0000] {logging_mixin.py:117} INFO - wrote file: m22b.html
[2022-10-10T23:59:02.889+0000] {logging_mixin.py:117} INFO - pulled: m22b.html
[2022-10-10T23:59:02.891+0000] {logging_mixin.py:117} INFO - --- waiting ---
[2022-10-10T23:59:18.196+0000] {logging_mixin.py:117} INFO - wrote file: m22c.html
[2022-10-10T23:59:18.203+0000] {logging_mixin.py:117} INFO - pulled: m22c.html
[2022-10-10T23:59:18.205+0000] {logging_mixin.py:117} INFO - --- waiting ---
[2022-10-10T23:59:33.240+0000] {python.py:177} INFO - Done. Returned value was: None
[2022-10-10T23:59:33.399+0000] {taskinstance.py:1406} INFO - Marking task as SUCCESS. dag_id=assignment, task_id=task_one, execution_date=20221009T000000, start_date=20221010T234739, end_date=20221010T235933
[2022-10-10T23:59:33.712+0000] {local_task_job.py:164} INFO - Task exited with return code 0
[2022-10-10T23:59:33.839+0000] {local_task_job.py:273} INFO - 1 downstream tasks scheduled from follow-on schedule check
