[2022-10-10T23:45:44.608+0000] {processor.py:156} INFO - Started process (PID=37) to work on /opt/airflow/dags/assignment.py
[2022-10-10T23:45:44.618+0000] {processor.py:758} INFO - Processing file /opt/airflow/dags/assignment.py for tasks to queue
[2022-10-10T23:45:44.627+0000] {logging_mixin.py:117} INFO - [2022-10-10T23:45:44.626+0000] {dagbag.py:525} INFO - Filling up the DagBag from /opt/airflow/dags/assignment.py
[2022-10-10T23:45:44.784+0000] {processor.py:768} INFO - DAG(s) dict_keys(['assignment']) retrieved from /opt/airflow/dags/assignment.py
[2022-10-10T23:45:44.994+0000] {logging_mixin.py:117} INFO - [2022-10-10T23:45:44.994+0000] {dag.py:2573} INFO - Sync 1 DAGs
[2022-10-10T23:45:45.122+0000] {logging_mixin.py:117} INFO - [2022-10-10T23:45:45.121+0000] {dag.py:3328} INFO - Setting next_dagrun for assignment to 2022-10-09T00:00:00+00:00, run_after=2022-10-10T00:00:00+00:00
[2022-10-10T23:45:45.293+0000] {processor.py:178} INFO - Processing /opt/airflow/dags/assignment.py took 0.688 seconds
[2022-10-10T23:46:16.289+0000] {processor.py:156} INFO - Started process (PID=66) to work on /opt/airflow/dags/assignment.py
[2022-10-10T23:46:16.292+0000] {processor.py:758} INFO - Processing file /opt/airflow/dags/assignment.py for tasks to queue
[2022-10-10T23:46:16.302+0000] {logging_mixin.py:117} INFO - [2022-10-10T23:46:16.302+0000] {dagbag.py:525} INFO - Filling up the DagBag from /opt/airflow/dags/assignment.py
[2022-10-10T23:46:16.447+0000] {processor.py:768} INFO - DAG(s) dict_keys(['assignment']) retrieved from /opt/airflow/dags/assignment.py
[2022-10-10T23:46:16.544+0000] {logging_mixin.py:117} INFO - [2022-10-10T23:46:16.544+0000] {dag.py:2573} INFO - Sync 1 DAGs
[2022-10-10T23:46:16.571+0000] {logging_mixin.py:117} INFO - [2022-10-10T23:46:16.571+0000] {dag.py:3328} INFO - Setting next_dagrun for assignment to 2022-10-09T00:00:00+00:00, run_after=2022-10-10T00:00:00+00:00
[2022-10-10T23:46:16.588+0000] {processor.py:178} INFO - Processing /opt/airflow/dags/assignment.py took 0.315 seconds
[2022-10-10T23:46:46.749+0000] {processor.py:156} INFO - Started process (PID=93) to work on /opt/airflow/dags/assignment.py
[2022-10-10T23:46:46.752+0000] {processor.py:758} INFO - Processing file /opt/airflow/dags/assignment.py for tasks to queue
[2022-10-10T23:46:46.754+0000] {logging_mixin.py:117} INFO - [2022-10-10T23:46:46.754+0000] {dagbag.py:525} INFO - Filling up the DagBag from /opt/airflow/dags/assignment.py
[2022-10-10T23:46:46.802+0000] {processor.py:768} INFO - DAG(s) dict_keys(['assignment']) retrieved from /opt/airflow/dags/assignment.py
[2022-10-10T23:46:46.857+0000] {logging_mixin.py:117} INFO - [2022-10-10T23:46:46.857+0000] {dag.py:2573} INFO - Sync 1 DAGs
[2022-10-10T23:46:46.880+0000] {logging_mixin.py:117} INFO - [2022-10-10T23:46:46.880+0000] {dag.py:3328} INFO - Setting next_dagrun for assignment to 2022-10-09T00:00:00+00:00, run_after=2022-10-10T00:00:00+00:00
[2022-10-10T23:46:46.896+0000] {processor.py:178} INFO - Processing /opt/airflow/dags/assignment.py took 0.151 seconds
[2022-10-10T23:47:17.330+0000] {processor.py:156} INFO - Started process (PID=112) to work on /opt/airflow/dags/assignment.py
[2022-10-10T23:47:17.333+0000] {processor.py:758} INFO - Processing file /opt/airflow/dags/assignment.py for tasks to queue
[2022-10-10T23:47:17.335+0000] {logging_mixin.py:117} INFO - [2022-10-10T23:47:17.335+0000] {dagbag.py:525} INFO - Filling up the DagBag from /opt/airflow/dags/assignment.py
[2022-10-10T23:47:17.375+0000] {processor.py:768} INFO - DAG(s) dict_keys(['assignment']) retrieved from /opt/airflow/dags/assignment.py
[2022-10-10T23:47:17.435+0000] {logging_mixin.py:117} INFO - [2022-10-10T23:47:17.435+0000] {dag.py:2573} INFO - Sync 1 DAGs
[2022-10-10T23:47:17.459+0000] {logging_mixin.py:117} INFO - [2022-10-10T23:47:17.458+0000] {dag.py:3328} INFO - Setting next_dagrun for assignment to 2022-10-09T00:00:00+00:00, run_after=2022-10-10T00:00:00+00:00
[2022-10-10T23:47:17.472+0000] {processor.py:178} INFO - Processing /opt/airflow/dags/assignment.py took 0.152 seconds
[2022-10-10T23:47:48.157+0000] {processor.py:156} INFO - Started process (PID=148) to work on /opt/airflow/dags/assignment.py
[2022-10-10T23:47:48.162+0000] {processor.py:758} INFO - Processing file /opt/airflow/dags/assignment.py for tasks to queue
[2022-10-10T23:47:48.165+0000] {logging_mixin.py:117} INFO - [2022-10-10T23:47:48.165+0000] {dagbag.py:525} INFO - Filling up the DagBag from /opt/airflow/dags/assignment.py
[2022-10-10T23:47:48.317+0000] {processor.py:768} INFO - DAG(s) dict_keys(['assignment']) retrieved from /opt/airflow/dags/assignment.py
[2022-10-10T23:47:48.393+0000] {logging_mixin.py:117} INFO - [2022-10-10T23:47:48.393+0000] {dag.py:2573} INFO - Sync 1 DAGs
[2022-10-10T23:47:48.429+0000] {logging_mixin.py:117} INFO - [2022-10-10T23:47:48.429+0000] {dag.py:3328} INFO - Setting next_dagrun for assignment to 2022-10-10T00:00:00+00:00, run_after=2022-10-11T00:00:00+00:00
[2022-10-10T23:47:48.445+0000] {processor.py:178} INFO - Processing /opt/airflow/dags/assignment.py took 0.294 seconds
[2022-10-10T23:48:18.830+0000] {processor.py:156} INFO - Started process (PID=176) to work on /opt/airflow/dags/assignment.py
[2022-10-10T23:48:18.831+0000] {processor.py:758} INFO - Processing file /opt/airflow/dags/assignment.py for tasks to queue
[2022-10-10T23:48:18.833+0000] {logging_mixin.py:117} INFO - [2022-10-10T23:48:18.833+0000] {dagbag.py:525} INFO - Filling up the DagBag from /opt/airflow/dags/assignment.py
[2022-10-10T23:48:18.865+0000] {processor.py:768} INFO - DAG(s) dict_keys(['assignment']) retrieved from /opt/airflow/dags/assignment.py
[2022-10-10T23:48:18.920+0000] {logging_mixin.py:117} INFO - [2022-10-10T23:48:18.920+0000] {dag.py:2573} INFO - Sync 1 DAGs
[2022-10-10T23:48:18.944+0000] {logging_mixin.py:117} INFO - [2022-10-10T23:48:18.944+0000] {dag.py:3328} INFO - Setting next_dagrun for assignment to 2022-10-10T00:00:00+00:00, run_after=2022-10-11T00:00:00+00:00
[2022-10-10T23:48:18.964+0000] {processor.py:178} INFO - Processing /opt/airflow/dags/assignment.py took 0.140 seconds
[2022-10-10T23:48:49.222+0000] {processor.py:156} INFO - Started process (PID=194) to work on /opt/airflow/dags/assignment.py
[2022-10-10T23:48:49.225+0000] {processor.py:758} INFO - Processing file /opt/airflow/dags/assignment.py for tasks to queue
[2022-10-10T23:48:49.226+0000] {logging_mixin.py:117} INFO - [2022-10-10T23:48:49.226+0000] {dagbag.py:525} INFO - Filling up the DagBag from /opt/airflow/dags/assignment.py
[2022-10-10T23:48:49.262+0000] {processor.py:768} INFO - DAG(s) dict_keys(['assignment']) retrieved from /opt/airflow/dags/assignment.py
[2022-10-10T23:48:49.317+0000] {logging_mixin.py:117} INFO - [2022-10-10T23:48:49.317+0000] {dag.py:2573} INFO - Sync 1 DAGs
[2022-10-10T23:48:49.366+0000] {logging_mixin.py:117} INFO - [2022-10-10T23:48:49.366+0000] {dag.py:3328} INFO - Setting next_dagrun for assignment to 2022-10-10T00:00:00+00:00, run_after=2022-10-11T00:00:00+00:00
[2022-10-10T23:48:49.418+0000] {processor.py:178} INFO - Processing /opt/airflow/dags/assignment.py took 0.200 seconds
[2022-10-10T23:49:19.797+0000] {processor.py:156} INFO - Started process (PID=222) to work on /opt/airflow/dags/assignment.py
[2022-10-10T23:49:19.799+0000] {processor.py:758} INFO - Processing file /opt/airflow/dags/assignment.py for tasks to queue
[2022-10-10T23:49:19.800+0000] {logging_mixin.py:117} INFO - [2022-10-10T23:49:19.800+0000] {dagbag.py:525} INFO - Filling up the DagBag from /opt/airflow/dags/assignment.py
[2022-10-10T23:49:19.832+0000] {processor.py:768} INFO - DAG(s) dict_keys(['assignment']) retrieved from /opt/airflow/dags/assignment.py
[2022-10-10T23:49:19.945+0000] {logging_mixin.py:117} INFO - [2022-10-10T23:49:19.944+0000] {dag.py:2573} INFO - Sync 1 DAGs
[2022-10-10T23:49:20.004+0000] {logging_mixin.py:117} INFO - [2022-10-10T23:49:20.004+0000] {dag.py:3328} INFO - Setting next_dagrun for assignment to 2022-10-10T00:00:00+00:00, run_after=2022-10-11T00:00:00+00:00
[2022-10-10T23:49:20.116+0000] {processor.py:178} INFO - Processing /opt/airflow/dags/assignment.py took 0.323 seconds
[2022-10-10T23:49:50.647+0000] {processor.py:156} INFO - Started process (PID=249) to work on /opt/airflow/dags/assignment.py
[2022-10-10T23:49:50.651+0000] {processor.py:758} INFO - Processing file /opt/airflow/dags/assignment.py for tasks to queue
[2022-10-10T23:49:50.655+0000] {logging_mixin.py:117} INFO - [2022-10-10T23:49:50.655+0000] {dagbag.py:525} INFO - Filling up the DagBag from /opt/airflow/dags/assignment.py
[2022-10-10T23:49:50.703+0000] {processor.py:768} INFO - DAG(s) dict_keys(['assignment']) retrieved from /opt/airflow/dags/assignment.py
[2022-10-10T23:49:50.768+0000] {logging_mixin.py:117} INFO - [2022-10-10T23:49:50.767+0000] {dag.py:2573} INFO - Sync 1 DAGs
[2022-10-10T23:49:50.791+0000] {logging_mixin.py:117} INFO - [2022-10-10T23:49:50.791+0000] {dag.py:3328} INFO - Setting next_dagrun for assignment to 2022-10-10T00:00:00+00:00, run_after=2022-10-11T00:00:00+00:00
[2022-10-10T23:49:50.813+0000] {processor.py:178} INFO - Processing /opt/airflow/dags/assignment.py took 0.171 seconds
[2022-10-10T23:50:21.153+0000] {processor.py:156} INFO - Started process (PID=277) to work on /opt/airflow/dags/assignment.py
[2022-10-10T23:50:21.155+0000] {processor.py:758} INFO - Processing file /opt/airflow/dags/assignment.py for tasks to queue
[2022-10-10T23:50:21.158+0000] {logging_mixin.py:117} INFO - [2022-10-10T23:50:21.158+0000] {dagbag.py:525} INFO - Filling up the DagBag from /opt/airflow/dags/assignment.py
[2022-10-10T23:50:21.194+0000] {processor.py:768} INFO - DAG(s) dict_keys(['assignment']) retrieved from /opt/airflow/dags/assignment.py
[2022-10-10T23:50:21.247+0000] {logging_mixin.py:117} INFO - [2022-10-10T23:50:21.247+0000] {dag.py:2573} INFO - Sync 1 DAGs
[2022-10-10T23:50:21.277+0000] {logging_mixin.py:117} INFO - [2022-10-10T23:50:21.277+0000] {dag.py:3328} INFO - Setting next_dagrun for assignment to 2022-10-10T00:00:00+00:00, run_after=2022-10-11T00:00:00+00:00
[2022-10-10T23:50:21.293+0000] {processor.py:178} INFO - Processing /opt/airflow/dags/assignment.py took 0.144 seconds
[2022-10-10T23:50:51.814+0000] {processor.py:156} INFO - Started process (PID=296) to work on /opt/airflow/dags/assignment.py
[2022-10-10T23:50:51.817+0000] {processor.py:758} INFO - Processing file /opt/airflow/dags/assignment.py for tasks to queue
[2022-10-10T23:50:51.818+0000] {logging_mixin.py:117} INFO - [2022-10-10T23:50:51.818+0000] {dagbag.py:525} INFO - Filling up the DagBag from /opt/airflow/dags/assignment.py
[2022-10-10T23:50:51.854+0000] {processor.py:768} INFO - DAG(s) dict_keys(['assignment']) retrieved from /opt/airflow/dags/assignment.py
[2022-10-10T23:50:51.893+0000] {logging_mixin.py:117} INFO - [2022-10-10T23:50:51.892+0000] {dag.py:2573} INFO - Sync 1 DAGs
[2022-10-10T23:50:51.911+0000] {logging_mixin.py:117} INFO - [2022-10-10T23:50:51.911+0000] {dag.py:3328} INFO - Setting next_dagrun for assignment to 2022-10-10T00:00:00+00:00, run_after=2022-10-11T00:00:00+00:00
[2022-10-10T23:50:51.924+0000] {processor.py:178} INFO - Processing /opt/airflow/dags/assignment.py took 0.116 seconds
[2022-10-10T23:51:22.984+0000] {processor.py:156} INFO - Started process (PID=324) to work on /opt/airflow/dags/assignment.py
[2022-10-10T23:51:22.990+0000] {processor.py:758} INFO - Processing file /opt/airflow/dags/assignment.py for tasks to queue
[2022-10-10T23:51:22.992+0000] {logging_mixin.py:117} INFO - [2022-10-10T23:51:22.992+0000] {dagbag.py:525} INFO - Filling up the DagBag from /opt/airflow/dags/assignment.py
[2022-10-10T23:51:23.059+0000] {processor.py:768} INFO - DAG(s) dict_keys(['assignment']) retrieved from /opt/airflow/dags/assignment.py
[2022-10-10T23:51:23.144+0000] {logging_mixin.py:117} INFO - [2022-10-10T23:51:23.144+0000] {dag.py:2573} INFO - Sync 1 DAGs
[2022-10-10T23:51:23.192+0000] {logging_mixin.py:117} INFO - [2022-10-10T23:51:23.191+0000] {dag.py:3328} INFO - Setting next_dagrun for assignment to 2022-10-10T00:00:00+00:00, run_after=2022-10-11T00:00:00+00:00
[2022-10-10T23:51:23.226+0000] {processor.py:178} INFO - Processing /opt/airflow/dags/assignment.py took 0.247 seconds
[2022-10-10T23:51:53.545+0000] {processor.py:156} INFO - Started process (PID=352) to work on /opt/airflow/dags/assignment.py
[2022-10-10T23:51:53.549+0000] {processor.py:758} INFO - Processing file /opt/airflow/dags/assignment.py for tasks to queue
[2022-10-10T23:51:53.552+0000] {logging_mixin.py:117} INFO - [2022-10-10T23:51:53.552+0000] {dagbag.py:525} INFO - Filling up the DagBag from /opt/airflow/dags/assignment.py
[2022-10-10T23:51:53.594+0000] {processor.py:768} INFO - DAG(s) dict_keys(['assignment']) retrieved from /opt/airflow/dags/assignment.py
[2022-10-10T23:51:53.674+0000] {logging_mixin.py:117} INFO - [2022-10-10T23:51:53.673+0000] {dag.py:2573} INFO - Sync 1 DAGs
[2022-10-10T23:51:53.712+0000] {logging_mixin.py:117} INFO - [2022-10-10T23:51:53.712+0000] {dag.py:3328} INFO - Setting next_dagrun for assignment to 2022-10-10T00:00:00+00:00, run_after=2022-10-11T00:00:00+00:00
[2022-10-10T23:51:53.757+0000] {processor.py:178} INFO - Processing /opt/airflow/dags/assignment.py took 0.218 seconds
[2022-10-10T23:52:24.201+0000] {processor.py:156} INFO - Started process (PID=372) to work on /opt/airflow/dags/assignment.py
[2022-10-10T23:52:24.203+0000] {processor.py:758} INFO - Processing file /opt/airflow/dags/assignment.py for tasks to queue
[2022-10-10T23:52:24.205+0000] {logging_mixin.py:117} INFO - [2022-10-10T23:52:24.205+0000] {dagbag.py:525} INFO - Filling up the DagBag from /opt/airflow/dags/assignment.py
[2022-10-10T23:52:24.240+0000] {processor.py:768} INFO - DAG(s) dict_keys(['assignment']) retrieved from /opt/airflow/dags/assignment.py
[2022-10-10T23:52:24.291+0000] {logging_mixin.py:117} INFO - [2022-10-10T23:52:24.291+0000] {dag.py:2573} INFO - Sync 1 DAGs
[2022-10-10T23:52:24.316+0000] {logging_mixin.py:117} INFO - [2022-10-10T23:52:24.316+0000] {dag.py:3328} INFO - Setting next_dagrun for assignment to 2022-10-10T00:00:00+00:00, run_after=2022-10-11T00:00:00+00:00
[2022-10-10T23:52:24.333+0000] {processor.py:178} INFO - Processing /opt/airflow/dags/assignment.py took 0.135 seconds
[2022-10-10T23:52:58.370+0000] {processor.py:156} INFO - Started process (PID=399) to work on /opt/airflow/dags/assignment.py
[2022-10-10T23:52:58.627+0000] {processor.py:758} INFO - Processing file /opt/airflow/dags/assignment.py for tasks to queue
[2022-10-10T23:52:58.745+0000] {logging_mixin.py:117} INFO - [2022-10-10T23:52:58.717+0000] {dagbag.py:525} INFO - Filling up the DagBag from /opt/airflow/dags/assignment.py
[2022-10-10T23:53:01.021+0000] {processor.py:768} INFO - DAG(s) dict_keys(['assignment']) retrieved from /opt/airflow/dags/assignment.py
[2022-10-10T23:53:02.578+0000] {logging_mixin.py:117} INFO - [2022-10-10T23:53:02.577+0000] {dag.py:2573} INFO - Sync 1 DAGs
[2022-10-10T23:53:02.684+0000] {logging_mixin.py:117} INFO - [2022-10-10T23:53:02.683+0000] {dag.py:3328} INFO - Setting next_dagrun for assignment to 2022-10-10T00:00:00+00:00, run_after=2022-10-11T00:00:00+00:00
[2022-10-10T23:53:02.735+0000] {processor.py:178} INFO - Processing /opt/airflow/dags/assignment.py took 4.605 seconds
[2022-10-10T23:53:33.322+0000] {processor.py:156} INFO - Started process (PID=427) to work on /opt/airflow/dags/assignment.py
[2022-10-10T23:53:33.330+0000] {processor.py:758} INFO - Processing file /opt/airflow/dags/assignment.py for tasks to queue
[2022-10-10T23:53:33.332+0000] {logging_mixin.py:117} INFO - [2022-10-10T23:53:33.332+0000] {dagbag.py:525} INFO - Filling up the DagBag from /opt/airflow/dags/assignment.py
[2022-10-10T23:53:33.394+0000] {processor.py:768} INFO - DAG(s) dict_keys(['assignment']) retrieved from /opt/airflow/dags/assignment.py
[2022-10-10T23:53:33.457+0000] {logging_mixin.py:117} INFO - [2022-10-10T23:53:33.457+0000] {dag.py:2573} INFO - Sync 1 DAGs
[2022-10-10T23:53:33.496+0000] {logging_mixin.py:117} INFO - [2022-10-10T23:53:33.496+0000] {dag.py:3328} INFO - Setting next_dagrun for assignment to 2022-10-10T00:00:00+00:00, run_after=2022-10-11T00:00:00+00:00
[2022-10-10T23:53:33.528+0000] {processor.py:178} INFO - Processing /opt/airflow/dags/assignment.py took 0.210 seconds
[2022-10-10T23:54:03.861+0000] {processor.py:156} INFO - Started process (PID=447) to work on /opt/airflow/dags/assignment.py
[2022-10-10T23:54:03.865+0000] {processor.py:758} INFO - Processing file /opt/airflow/dags/assignment.py for tasks to queue
[2022-10-10T23:54:03.866+0000] {logging_mixin.py:117} INFO - [2022-10-10T23:54:03.866+0000] {dagbag.py:525} INFO - Filling up the DagBag from /opt/airflow/dags/assignment.py
[2022-10-10T23:54:03.905+0000] {processor.py:768} INFO - DAG(s) dict_keys(['assignment']) retrieved from /opt/airflow/dags/assignment.py
[2022-10-10T23:54:03.957+0000] {logging_mixin.py:117} INFO - [2022-10-10T23:54:03.957+0000] {dag.py:2573} INFO - Sync 1 DAGs
[2022-10-10T23:54:03.981+0000] {logging_mixin.py:117} INFO - [2022-10-10T23:54:03.981+0000] {dag.py:3328} INFO - Setting next_dagrun for assignment to 2022-10-10T00:00:00+00:00, run_after=2022-10-11T00:00:00+00:00
[2022-10-10T23:54:03.996+0000] {processor.py:178} INFO - Processing /opt/airflow/dags/assignment.py took 0.143 seconds
[2022-10-10T23:54:34.511+0000] {processor.py:156} INFO - Started process (PID=474) to work on /opt/airflow/dags/assignment.py
[2022-10-10T23:54:34.519+0000] {processor.py:758} INFO - Processing file /opt/airflow/dags/assignment.py for tasks to queue
[2022-10-10T23:54:34.521+0000] {logging_mixin.py:117} INFO - [2022-10-10T23:54:34.521+0000] {dagbag.py:525} INFO - Filling up the DagBag from /opt/airflow/dags/assignment.py
[2022-10-10T23:54:34.556+0000] {processor.py:768} INFO - DAG(s) dict_keys(['assignment']) retrieved from /opt/airflow/dags/assignment.py
[2022-10-10T23:54:34.611+0000] {logging_mixin.py:117} INFO - [2022-10-10T23:54:34.611+0000] {dag.py:2573} INFO - Sync 1 DAGs
[2022-10-10T23:54:34.636+0000] {logging_mixin.py:117} INFO - [2022-10-10T23:54:34.636+0000] {dag.py:3328} INFO - Setting next_dagrun for assignment to 2022-10-10T00:00:00+00:00, run_after=2022-10-11T00:00:00+00:00
[2022-10-10T23:54:34.650+0000] {processor.py:178} INFO - Processing /opt/airflow/dags/assignment.py took 0.143 seconds
[2022-10-10T23:55:05.036+0000] {processor.py:156} INFO - Started process (PID=502) to work on /opt/airflow/dags/assignment.py
[2022-10-10T23:55:05.041+0000] {processor.py:758} INFO - Processing file /opt/airflow/dags/assignment.py for tasks to queue
[2022-10-10T23:55:05.042+0000] {logging_mixin.py:117} INFO - [2022-10-10T23:55:05.042+0000] {dagbag.py:525} INFO - Filling up the DagBag from /opt/airflow/dags/assignment.py
[2022-10-10T23:55:05.074+0000] {processor.py:768} INFO - DAG(s) dict_keys(['assignment']) retrieved from /opt/airflow/dags/assignment.py
[2022-10-10T23:55:05.120+0000] {logging_mixin.py:117} INFO - [2022-10-10T23:55:05.120+0000] {dag.py:2573} INFO - Sync 1 DAGs
[2022-10-10T23:55:05.145+0000] {logging_mixin.py:117} INFO - [2022-10-10T23:55:05.145+0000] {dag.py:3328} INFO - Setting next_dagrun for assignment to 2022-10-10T00:00:00+00:00, run_after=2022-10-11T00:00:00+00:00
[2022-10-10T23:55:05.161+0000] {processor.py:178} INFO - Processing /opt/airflow/dags/assignment.py took 0.130 seconds
[2022-10-10T23:55:35.762+0000] {processor.py:156} INFO - Started process (PID=530) to work on /opt/airflow/dags/assignment.py
[2022-10-10T23:55:35.768+0000] {processor.py:758} INFO - Processing file /opt/airflow/dags/assignment.py for tasks to queue
[2022-10-10T23:55:35.770+0000] {logging_mixin.py:117} INFO - [2022-10-10T23:55:35.770+0000] {dagbag.py:525} INFO - Filling up the DagBag from /opt/airflow/dags/assignment.py
[2022-10-10T23:55:35.846+0000] {processor.py:768} INFO - DAG(s) dict_keys(['assignment']) retrieved from /opt/airflow/dags/assignment.py
[2022-10-10T23:55:35.960+0000] {logging_mixin.py:117} INFO - [2022-10-10T23:55:35.960+0000] {dag.py:2573} INFO - Sync 1 DAGs
[2022-10-10T23:55:35.999+0000] {logging_mixin.py:117} INFO - [2022-10-10T23:55:35.999+0000] {dag.py:3328} INFO - Setting next_dagrun for assignment to 2022-10-10T00:00:00+00:00, run_after=2022-10-11T00:00:00+00:00
[2022-10-10T23:55:36.040+0000] {processor.py:178} INFO - Processing /opt/airflow/dags/assignment.py took 0.289 seconds
[2022-10-10T23:56:06.580+0000] {processor.py:156} INFO - Started process (PID=550) to work on /opt/airflow/dags/assignment.py
[2022-10-10T23:56:06.583+0000] {processor.py:758} INFO - Processing file /opt/airflow/dags/assignment.py for tasks to queue
[2022-10-10T23:56:06.585+0000] {logging_mixin.py:117} INFO - [2022-10-10T23:56:06.585+0000] {dagbag.py:525} INFO - Filling up the DagBag from /opt/airflow/dags/assignment.py
[2022-10-10T23:56:06.617+0000] {processor.py:768} INFO - DAG(s) dict_keys(['assignment']) retrieved from /opt/airflow/dags/assignment.py
[2022-10-10T23:56:06.658+0000] {logging_mixin.py:117} INFO - [2022-10-10T23:56:06.658+0000] {dag.py:2573} INFO - Sync 1 DAGs
[2022-10-10T23:56:06.679+0000] {logging_mixin.py:117} INFO - [2022-10-10T23:56:06.679+0000] {dag.py:3328} INFO - Setting next_dagrun for assignment to 2022-10-10T00:00:00+00:00, run_after=2022-10-11T00:00:00+00:00
[2022-10-10T23:56:06.693+0000] {processor.py:178} INFO - Processing /opt/airflow/dags/assignment.py took 0.116 seconds
[2022-10-10T23:56:37.222+0000] {processor.py:156} INFO - Started process (PID=569) to work on /opt/airflow/dags/assignment.py
[2022-10-10T23:56:37.226+0000] {processor.py:758} INFO - Processing file /opt/airflow/dags/assignment.py for tasks to queue
[2022-10-10T23:56:37.227+0000] {logging_mixin.py:117} INFO - [2022-10-10T23:56:37.227+0000] {dagbag.py:525} INFO - Filling up the DagBag from /opt/airflow/dags/assignment.py
[2022-10-10T23:56:37.276+0000] {processor.py:768} INFO - DAG(s) dict_keys(['assignment']) retrieved from /opt/airflow/dags/assignment.py
[2022-10-10T23:56:37.350+0000] {logging_mixin.py:117} INFO - [2022-10-10T23:56:37.350+0000] {dag.py:2573} INFO - Sync 1 DAGs
[2022-10-10T23:56:37.376+0000] {logging_mixin.py:117} INFO - [2022-10-10T23:56:37.376+0000] {dag.py:3328} INFO - Setting next_dagrun for assignment to 2022-10-10T00:00:00+00:00, run_after=2022-10-11T00:00:00+00:00
[2022-10-10T23:56:37.415+0000] {processor.py:178} INFO - Processing /opt/airflow/dags/assignment.py took 0.198 seconds
[2022-10-10T23:57:07.804+0000] {processor.py:156} INFO - Started process (PID=598) to work on /opt/airflow/dags/assignment.py
[2022-10-10T23:57:07.809+0000] {processor.py:758} INFO - Processing file /opt/airflow/dags/assignment.py for tasks to queue
[2022-10-10T23:57:07.814+0000] {logging_mixin.py:117} INFO - [2022-10-10T23:57:07.814+0000] {dagbag.py:525} INFO - Filling up the DagBag from /opt/airflow/dags/assignment.py
[2022-10-10T23:57:07.949+0000] {processor.py:768} INFO - DAG(s) dict_keys(['assignment']) retrieved from /opt/airflow/dags/assignment.py
[2022-10-10T23:57:08.084+0000] {logging_mixin.py:117} INFO - [2022-10-10T23:57:08.084+0000] {dag.py:2573} INFO - Sync 1 DAGs
[2022-10-10T23:57:08.143+0000] {logging_mixin.py:117} INFO - [2022-10-10T23:57:08.143+0000] {dag.py:3328} INFO - Setting next_dagrun for assignment to 2022-10-10T00:00:00+00:00, run_after=2022-10-11T00:00:00+00:00
[2022-10-10T23:57:08.204+0000] {processor.py:178} INFO - Processing /opt/airflow/dags/assignment.py took 0.409 seconds
[2022-10-10T23:57:38.703+0000] {processor.py:156} INFO - Started process (PID=617) to work on /opt/airflow/dags/assignment.py
[2022-10-10T23:57:38.706+0000] {processor.py:758} INFO - Processing file /opt/airflow/dags/assignment.py for tasks to queue
[2022-10-10T23:57:38.709+0000] {logging_mixin.py:117} INFO - [2022-10-10T23:57:38.709+0000] {dagbag.py:525} INFO - Filling up the DagBag from /opt/airflow/dags/assignment.py
[2022-10-10T23:57:38.793+0000] {processor.py:768} INFO - DAG(s) dict_keys(['assignment']) retrieved from /opt/airflow/dags/assignment.py
[2022-10-10T23:57:38.876+0000] {logging_mixin.py:117} INFO - [2022-10-10T23:57:38.876+0000] {dag.py:2573} INFO - Sync 1 DAGs
[2022-10-10T23:57:38.919+0000] {logging_mixin.py:117} INFO - [2022-10-10T23:57:38.918+0000] {dag.py:3328} INFO - Setting next_dagrun for assignment to 2022-10-10T00:00:00+00:00, run_after=2022-10-11T00:00:00+00:00
[2022-10-10T23:57:38.941+0000] {processor.py:178} INFO - Processing /opt/airflow/dags/assignment.py took 0.244 seconds
[2022-10-10T23:58:09.998+0000] {processor.py:156} INFO - Started process (PID=636) to work on /opt/airflow/dags/assignment.py
[2022-10-10T23:58:10.002+0000] {processor.py:758} INFO - Processing file /opt/airflow/dags/assignment.py for tasks to queue
[2022-10-10T23:58:10.004+0000] {logging_mixin.py:117} INFO - [2022-10-10T23:58:10.004+0000] {dagbag.py:525} INFO - Filling up the DagBag from /opt/airflow/dags/assignment.py
[2022-10-10T23:58:10.045+0000] {processor.py:768} INFO - DAG(s) dict_keys(['assignment']) retrieved from /opt/airflow/dags/assignment.py
[2022-10-10T23:58:10.107+0000] {logging_mixin.py:117} INFO - [2022-10-10T23:58:10.107+0000] {dag.py:2573} INFO - Sync 1 DAGs
[2022-10-10T23:58:10.136+0000] {logging_mixin.py:117} INFO - [2022-10-10T23:58:10.136+0000] {dag.py:3328} INFO - Setting next_dagrun for assignment to 2022-10-10T00:00:00+00:00, run_after=2022-10-11T00:00:00+00:00
[2022-10-10T23:58:10.156+0000] {processor.py:178} INFO - Processing /opt/airflow/dags/assignment.py took 0.164 seconds
[2022-10-10T23:58:40.984+0000] {processor.py:156} INFO - Started process (PID=664) to work on /opt/airflow/dags/assignment.py
[2022-10-10T23:58:40.988+0000] {processor.py:758} INFO - Processing file /opt/airflow/dags/assignment.py for tasks to queue
[2022-10-10T23:58:40.991+0000] {logging_mixin.py:117} INFO - [2022-10-10T23:58:40.991+0000] {dagbag.py:525} INFO - Filling up the DagBag from /opt/airflow/dags/assignment.py
[2022-10-10T23:58:41.046+0000] {processor.py:768} INFO - DAG(s) dict_keys(['assignment']) retrieved from /opt/airflow/dags/assignment.py
[2022-10-10T23:58:41.105+0000] {logging_mixin.py:117} INFO - [2022-10-10T23:58:41.105+0000] {dag.py:2573} INFO - Sync 1 DAGs
[2022-10-10T23:58:41.158+0000] {logging_mixin.py:117} INFO - [2022-10-10T23:58:41.158+0000] {dag.py:3328} INFO - Setting next_dagrun for assignment to 2022-10-10T00:00:00+00:00, run_after=2022-10-11T00:00:00+00:00
[2022-10-10T23:58:41.179+0000] {processor.py:178} INFO - Processing /opt/airflow/dags/assignment.py took 0.199 seconds
[2022-10-10T23:59:11.991+0000] {processor.py:156} INFO - Started process (PID=693) to work on /opt/airflow/dags/assignment.py
[2022-10-10T23:59:12.003+0000] {processor.py:758} INFO - Processing file /opt/airflow/dags/assignment.py for tasks to queue
[2022-10-10T23:59:12.010+0000] {logging_mixin.py:117} INFO - [2022-10-10T23:59:12.010+0000] {dagbag.py:525} INFO - Filling up the DagBag from /opt/airflow/dags/assignment.py
[2022-10-10T23:59:12.404+0000] {processor.py:768} INFO - DAG(s) dict_keys(['assignment']) retrieved from /opt/airflow/dags/assignment.py
[2022-10-10T23:59:12.990+0000] {logging_mixin.py:117} INFO - [2022-10-10T23:59:12.990+0000] {dag.py:2573} INFO - Sync 1 DAGs
[2022-10-10T23:59:13.027+0000] {logging_mixin.py:117} INFO - [2022-10-10T23:59:13.027+0000] {dag.py:3328} INFO - Setting next_dagrun for assignment to 2022-10-10T00:00:00+00:00, run_after=2022-10-11T00:00:00+00:00
[2022-10-10T23:59:13.043+0000] {processor.py:178} INFO - Processing /opt/airflow/dags/assignment.py took 1.082 seconds
[2022-10-10T23:59:43.569+0000] {processor.py:156} INFO - Started process (PID=719) to work on /opt/airflow/dags/assignment.py
[2022-10-10T23:59:43.619+0000] {processor.py:758} INFO - Processing file /opt/airflow/dags/assignment.py for tasks to queue
[2022-10-10T23:59:43.629+0000] {logging_mixin.py:117} INFO - [2022-10-10T23:59:43.629+0000] {dagbag.py:525} INFO - Filling up the DagBag from /opt/airflow/dags/assignment.py
[2022-10-10T23:59:43.907+0000] {processor.py:768} INFO - DAG(s) dict_keys(['assignment']) retrieved from /opt/airflow/dags/assignment.py
[2022-10-10T23:59:44.297+0000] {logging_mixin.py:117} INFO - [2022-10-10T23:59:44.296+0000] {dag.py:2573} INFO - Sync 1 DAGs
[2022-10-10T23:59:44.413+0000] {logging_mixin.py:117} INFO - [2022-10-10T23:59:44.412+0000] {dag.py:3328} INFO - Setting next_dagrun for assignment to 2022-10-10T00:00:00+00:00, run_after=2022-10-11T00:00:00+00:00
[2022-10-10T23:59:44.717+0000] {processor.py:178} INFO - Processing /opt/airflow/dags/assignment.py took 1.210 seconds
