[2022-10-10T23:59:40.725+0000] {taskinstance.py:1165} INFO - Dependencies all met for <TaskInstance: assignment.task_two manual__2022-10-10T23:47:29.175216+00:00 [queued]>
[2022-10-10T23:59:40.834+0000] {taskinstance.py:1165} INFO - Dependencies all met for <TaskInstance: assignment.task_two manual__2022-10-10T23:47:29.175216+00:00 [queued]>
[2022-10-10T23:59:40.844+0000] {taskinstance.py:1362} INFO - 
--------------------------------------------------------------------------------
[2022-10-10T23:59:40.858+0000] {taskinstance.py:1363} INFO - Starting attempt 1 of 1
[2022-10-10T23:59:40.862+0000] {taskinstance.py:1364} INFO - 
--------------------------------------------------------------------------------
[2022-10-10T23:59:41.066+0000] {taskinstance.py:1383} INFO - Executing <Task(PythonOperator): task_two> on 2022-10-10 23:47:29.175216+00:00
[2022-10-10T23:59:41.314+0000] {standard_task_runner.py:54} INFO - Started process 715 to run task
[2022-10-10T23:59:41.351+0000] {standard_task_runner.py:82} INFO - Running: ['***', 'tasks', 'run', 'assignment', 'task_two', 'manual__2022-10-10T23:47:29.175216+00:00', '--job-id', '10', '--raw', '--subdir', 'DAGS_FOLDER/assignment.py', '--cfg-path', '/tmp/tmpoz6bxmaa']
[2022-10-10T23:59:41.360+0000] {standard_task_runner.py:83} INFO - Job 10: Subtask task_two
[2022-10-10T23:59:41.379+0000] {dagbag.py:525} INFO - Filling up the DagBag from /opt/***/dags/assignment.py
[2022-10-10T23:59:41.900+0000] {task_command.py:384} INFO - Running <TaskInstance: assignment.task_two manual__2022-10-10T23:47:29.175216+00:00 [running]> on host f7cb6ffd90da
[2022-10-10T23:59:42.084+0000] {taskinstance.py:1592} INFO - Exporting the following env vars:
AIRFLOW_CTX_DAG_OWNER=***
AIRFLOW_CTX_DAG_ID=assignment
AIRFLOW_CTX_TASK_ID=task_two
AIRFLOW_CTX_EXECUTION_DATE=2022-10-10T23:47:29.175216+00:00
AIRFLOW_CTX_TRY_NUMBER=1
AIRFLOW_CTX_DAG_RUN_ID=manual__2022-10-10T23:47:29.175216+00:00
[2022-10-10T23:59:42.190+0000] {python.py:177} INFO - Done. Returned value was: None
[2022-10-10T23:59:42.221+0000] {taskinstance.py:1406} INFO - Marking task as SUCCESS. dag_id=assignment, task_id=task_two, execution_date=20221010T234729, start_date=20221010T235940, end_date=20221010T235942
[2022-10-10T23:59:42.356+0000] {local_task_job.py:164} INFO - Task exited with return code 0
[2022-10-10T23:59:42.493+0000] {local_task_job.py:273} INFO - 0 downstream tasks scheduled from follow-on schedule check
